2015-12-17T10:37:41+00:00 ERR (3): 
exception 'Zend_Mail_Transport_Exception' with message 'Unable to send mail. mail(): Failed to connect to mailserver at &quot;localhost&quot; port 25, verify your &quot;SMTP&quot; and &quot;smtp_port&quot; setting in php.ini or use ini_set()' in C:\wamp\www\creo\lib\Zend\Mail\Transport\Sendmail.php:137
Stack trace:
#0 C:\wamp\www\creo\lib\Zend\Mail\Transport\Abstract.php(348): Zend_Mail_Transport_Sendmail->_sendMail()
#1 C:\wamp\www\creo\lib\Zend\Mail.php(1194): Zend_Mail_Transport_Abstract->send(Object(Zend_Mail))
#2 C:\wamp\www\creo\app\code\local\Mage\Core\Model\Email\Template.php(453): Zend_Mail->send()
#3 C:\wamp\www\creo\app\code\local\Mage\Core\Model\Email\Template.php(510): Mage_Core_Model_Email_Template->send(Array, Array, Array)
#4 C:\wamp\www\creo\app\code\core\Mage\Core\Model\Email\Template\Mailer.php(84): Mage_Core_Model_Email_Template->sendTransactional('4', 'sales', Array, Array, Array, '1')
#5 C:\wamp\www\creo\app\code\core\Mage\Sales\Model\Order.php(1354): Mage_Core_Model_Email_Template_Mailer->send()
#6 C:\wamp\www\creo\app\code\core\Mage\Sales\Model\Order.php(1369): Mage_Sales_Model_Order->queueNewOrderEmail(true)
#7 C:\wamp\www\creo\app\code\local\FacileCheckout\OnestepCheckout\Model\Type\Geo.php(755): Mage_Sales_Model_Order->sendNewOrderEmail()
#8 C:\wamp\www\creo\app\code\local\FacileCheckout\OnestepCheckout\controllers\IndexController.php(547): FacileCheckout_OnestepCheckout_Model_Type_Geo->saveOrder()
#9 C:\wamp\www\creo\app\code\local\Mage\Core\Controller\Varien\Action.php(418): FacileCheckout_OnestepCheckout_IndexController->saveOrderAction()
#10 C:\wamp\www\creo\app\code\local\Mage\Core\Controller\Varien\Router\Standard.php(250): Mage_Core_Controller_Varien_Action->dispatch('saveOrder')
#11 C:\wamp\www\creo\app\code\local\Mage\Core\Controller\Varien\Front.php(172): Mage_Core_Controller_Varien_Router_Standard->match(Object(Mage_Core_Controller_Request_Http))
#12 C:\wamp\www\creo\app\code\core\Mage\Core\Model\App.php(354): Mage_Core_Controller_Varien_Front->dispatch()
#13 C:\wamp\www\creo\app\Mage.php(684): Mage_Core_Model_App->run(Array)
#14 C:\wamp\www\creo\index.php(89): Mage::run('', 'store')
#15 {main}
2015-12-28T13:11:59+00:00 ERR (3): 
exception 'PDOException' with message 'SQLSTATE[23000]: Integrity constraint violation: 1062 Duplicate entry '1211' for key 'PRIMARY'' in C:\wamp\www\creo\lib\Zend\Db\Statement\Pdo.php:228
Stack trace:
#0 C:\wamp\www\creo\lib\Zend\Db\Statement\Pdo.php(228): PDOStatement->execute(Array)
#1 C:\wamp\www\creo\lib\Varien\Db\Statement\Pdo\Mysql.php(110): Zend_Db_Statement_Pdo->_execute(Array)
#2 C:\wamp\www\creo\app\code\core\Zend\Db\Statement.php(291): Varien_Db_Statement_Pdo_Mysql->_execute(Array)
#3 C:\wamp\www\creo\lib\Zend\Db\Adapter\Abstract.php(480): Zend_Db_Statement->execute(Array)
#4 C:\wamp\www\creo\lib\Zend\Db\Adapter\Pdo\Abstract.php(238): Zend_Db_Adapter_Abstract->query('INSERT INTO `lo...', Array)
#5 C:\wamp\www\creo\lib\Varien\Db\Adapter\Pdo\Mysql.php(428): Zend_Db_Adapter_Pdo_Abstract->query('INSERT INTO `lo...', Array)
#6 C:\wamp\www\creo\lib\Zend\Db\Adapter\Abstract.php(576): Varien_Db_Adapter_Pdo_Mysql->query('INSERT INTO `lo...', Array)
#7 C:\wamp\www\creo\app\code\core\Mage\Log\Model\Resource\Visitor.php(261): Zend_Db_Adapter_Abstract->insert('log_quote', Array)
#8 C:\wamp\www\creo\app\code\core\Mage\Log\Model\Resource\Visitor.php(116): Mage_Log_Model_Resource_Visitor->_saveQuoteInfo(Object(Mage_Log_Model_Visitor))
#9 C:\wamp\www\creo\app\code\core\Mage\Core\Model\Resource\Db\Abstract.php(463): Mage_Log_Model_Resource_Visitor->_afterSave(Object(Mage_Log_Model_Visitor))
#10 C:\wamp\www\creo\app\code\core\Mage\Core\Model\Abstract.php(318): Mage_Core_Model_Resource_Db_Abstract->save(Object(Mage_Log_Model_Visitor))
#11 C:\wamp\www\creo\app\code\core\Mage\Log\Model\Visitor.php(207): Mage_Core_Model_Abstract->save()
#12 C:\wamp\www\creo\app\code\core\Mage\Core\Model\App.php(1338): Mage_Log_Model_Visitor->saveByRequest(Object(Varien_Event_Observer))
#13 C:\wamp\www\creo\app\code\core\Mage\Core\Model\App.php(1317): Mage_Core_Model_App->_callObserverMethod(Object(Mage_Log_Model_Visitor), 'saveByRequest', Object(Varien_Event_Observer))
#14 C:\wamp\www\creo\app\Mage.php(448): Mage_Core_Model_App->dispatchEvent('controller_acti...', Array)
#15 C:\wamp\www\creo\app\code\local\Mage\Core\Controller\Varien\Action.php(551): Mage::dispatchEvent('controller_acti...', Array)
#16 C:\wamp\www\creo\app\code\local\Mage\Core\Controller\Front\Action.php(75): Mage_Core_Controller_Varien_Action->postDispatch()
#17 C:\wamp\www\creo\app\code\local\Mage\Core\Controller\Varien\Action.php(422): Mage_Core_Controller_Front_Action->postDispatch()
#18 C:\wamp\www\creo\app\code\local\Mage\Core\Controller\Varien\Router\Standard.php(250): Mage_Core_Controller_Varien_Action->dispatch('add')
#19 C:\wamp\www\creo\app\code\local\Mage\Core\Controller\Varien\Front.php(172): Mage_Core_Controller_Varien_Router_Standard->match(Object(Mage_Core_Controller_Request_Http))
#20 C:\wamp\www\creo\app\code\core\Mage\Core\Model\App.php(354): Mage_Core_Controller_Varien_Front->dispatch()
#21 C:\wamp\www\creo\app\Mage.php(684): Mage_Core_Model_App->run(Array)
#22 C:\wamp\www\creo\index.php(93): Mage::run('', 'store')
#23 {main}

Next exception 'Zend_Db_Statement_Exception' with message 'SQLSTATE[23000]: Integrity constraint violation: 1062 Duplicate entry '1211' for key 'PRIMARY', query was: INSERT INTO `log_quote` (`quote_id`, `visitor_id`, `created_at`) VALUES (?, ?, '2015-12-28 13:11:59')' in C:\wamp\www\creo\lib\Zend\Db\Statement\Pdo.php:235
Stack trace:
#0 C:\wamp\www\creo\lib\Varien\Db\Statement\Pdo\Mysql.php(110): Zend_Db_Statement_Pdo->_execute(Array)
#1 C:\wamp\www\creo\app\code\core\Zend\Db\Statement.php(291): Varien_Db_Statement_Pdo_Mysql->_execute(Array)
#2 C:\wamp\www\creo\lib\Zend\Db\Adapter\Abstract.php(480): Zend_Db_Statement->execute(Array)
#3 C:\wamp\www\creo\lib\Zend\Db\Adapter\Pdo\Abstract.php(238): Zend_Db_Adapter_Abstract->query('INSERT INTO `lo...', Array)
#4 C:\wamp\www\creo\lib\Varien\Db\Adapter\Pdo\Mysql.php(428): Zend_Db_Adapter_Pdo_Abstract->query('INSERT INTO `lo...', Array)
#5 C:\wamp\www\creo\lib\Zend\Db\Adapter\Abstract.php(576): Varien_Db_Adapter_Pdo_Mysql->query('INSERT INTO `lo...', Array)
#6 C:\wamp\www\creo\app\code\core\Mage\Log\Model\Resource\Visitor.php(261): Zend_Db_Adapter_Abstract->insert('log_quote', Array)
#7 C:\wamp\www\creo\app\code\core\Mage\Log\Model\Resource\Visitor.php(116): Mage_Log_Model_Resource_Visitor->_saveQuoteInfo(Object(Mage_Log_Model_Visitor))
#8 C:\wamp\www\creo\app\code\core\Mage\Core\Model\Resource\Db\Abstract.php(463): Mage_Log_Model_Resource_Visitor->_afterSave(Object(Mage_Log_Model_Visitor))
#9 C:\wamp\www\creo\app\code\core\Mage\Core\Model\Abstract.php(318): Mage_Core_Model_Resource_Db_Abstract->save(Object(Mage_Log_Model_Visitor))
#10 C:\wamp\www\creo\app\code\core\Mage\Log\Model\Visitor.php(207): Mage_Core_Model_Abstract->save()
#11 C:\wamp\www\creo\app\code\core\Mage\Core\Model\App.php(1338): Mage_Log_Model_Visitor->saveByRequest(Object(Varien_Event_Observer))
#12 C:\wamp\www\creo\app\code\core\Mage\Core\Model\App.php(1317): Mage_Core_Model_App->_callObserverMethod(Object(Mage_Log_Model_Visitor), 'saveByRequest', Object(Varien_Event_Observer))
#13 C:\wamp\www\creo\app\Mage.php(448): Mage_Core_Model_App->dispatchEvent('controller_acti...', Array)
#14 C:\wamp\www\creo\app\code\local\Mage\Core\Controller\Varien\Action.php(551): Mage::dispatchEvent('controller_acti...', Array)
#15 C:\wamp\www\creo\app\code\local\Mage\Core\Controller\Front\Action.php(75): Mage_Core_Controller_Varien_Action->postDispatch()
#16 C:\wamp\www\creo\app\code\local\Mage\Core\Controller\Varien\Action.php(422): Mage_Core_Controller_Front_Action->postDispatch()
#17 C:\wamp\www\creo\app\code\local\Mage\Core\Controller\Varien\Router\Standard.php(250): Mage_Core_Controller_Varien_Action->dispatch('add')
#18 C:\wamp\www\creo\app\code\local\Mage\Core\Controller\Varien\Front.php(172): Mage_Core_Controller_Varien_Router_Standard->match(Object(Mage_Core_Controller_Request_Http))
#19 C:\wamp\www\creo\app\code\core\Mage\Core\Model\App.php(354): Mage_Core_Controller_Varien_Front->dispatch()
#20 C:\wamp\www\creo\app\Mage.php(684): Mage_Core_Model_App->run(Array)
#21 C:\wamp\www\creo\index.php(93): Mage::run('', 'store')
#22 {main}
2015-12-29T12:29:14+00:00 ERR (3): 
exception 'PDOException' with message 'SQLSTATE[23000]: Integrity constraint violation: 1062 Duplicate entry '1212' for key 'PRIMARY'' in C:\wamp\www\creo\lib\Zend\Db\Statement\Pdo.php:228
Stack trace:
#0 C:\wamp\www\creo\lib\Zend\Db\Statement\Pdo.php(228): PDOStatement->execute(Array)
#1 C:\wamp\www\creo\lib\Varien\Db\Statement\Pdo\Mysql.php(110): Zend_Db_Statement_Pdo->_execute(Array)
#2 C:\wamp\www\creo\app\code\core\Zend\Db\Statement.php(291): Varien_Db_Statement_Pdo_Mysql->_execute(Array)
#3 C:\wamp\www\creo\lib\Zend\Db\Adapter\Abstract.php(480): Zend_Db_Statement->execute(Array)
#4 C:\wamp\www\creo\lib\Zend\Db\Adapter\Pdo\Abstract.php(238): Zend_Db_Adapter_Abstract->query('INSERT INTO `lo...', Array)
#5 C:\wamp\www\creo\lib\Varien\Db\Adapter\Pdo\Mysql.php(428): Zend_Db_Adapter_Pdo_Abstract->query('INSERT INTO `lo...', Array)
#6 C:\wamp\www\creo\lib\Zend\Db\Adapter\Abstract.php(576): Varien_Db_Adapter_Pdo_Mysql->query('INSERT INTO `lo...', Array)
#7 C:\wamp\www\creo\app\code\core\Mage\Log\Model\Resource\Visitor.php(261): Zend_Db_Adapter_Abstract->insert('log_quote', Array)
#8 C:\wamp\www\creo\app\code\core\Mage\Log\Model\Resource\Visitor.php(116): Mage_Log_Model_Resource_Visitor->_saveQuoteInfo(Object(Mage_Log_Model_Visitor))
#9 C:\wamp\www\creo\app\code\core\Mage\Core\Model\Resource\Db\Abstract.php(463): Mage_Log_Model_Resource_Visitor->_afterSave(Object(Mage_Log_Model_Visitor))
#10 C:\wamp\www\creo\app\code\core\Mage\Core\Model\Abstract.php(318): Mage_Core_Model_Resource_Db_Abstract->save(Object(Mage_Log_Model_Visitor))
#11 C:\wamp\www\creo\app\code\core\Mage\Log\Model\Visitor.php(207): Mage_Core_Model_Abstract->save()
#12 C:\wamp\www\creo\app\code\core\Mage\Core\Model\App.php(1338): Mage_Log_Model_Visitor->saveByRequest(Object(Varien_Event_Observer))
#13 C:\wamp\www\creo\app\code\core\Mage\Core\Model\App.php(1317): Mage_Core_Model_App->_callObserverMethod(Object(Mage_Log_Model_Visitor), 'saveByRequest', Object(Varien_Event_Observer))
#14 C:\wamp\www\creo\app\Mage.php(448): Mage_Core_Model_App->dispatchEvent('controller_acti...', Array)
#15 C:\wamp\www\creo\app\code\local\Mage\Core\Controller\Varien\Action.php(551): Mage::dispatchEvent('controller_acti...', Array)
#16 C:\wamp\www\creo\app\code\local\Mage\Core\Controller\Front\Action.php(75): Mage_Core_Controller_Varien_Action->postDispatch()
#17 C:\wamp\www\creo\app\code\local\Mage\Core\Controller\Varien\Action.php(422): Mage_Core_Controller_Front_Action->postDispatch()
#18 C:\wamp\www\creo\app\code\local\Mage\Core\Controller\Varien\Router\Standard.php(250): Mage_Core_Controller_Varien_Action->dispatch('add')
#19 C:\wamp\www\creo\app\code\local\Mage\Core\Controller\Varien\Front.php(172): Mage_Core_Controller_Varien_Router_Standard->match(Object(Mage_Core_Controller_Request_Http))
#20 C:\wamp\www\creo\app\code\core\Mage\Core\Model\App.php(354): Mage_Core_Controller_Varien_Front->dispatch()
#21 C:\wamp\www\creo\app\Mage.php(684): Mage_Core_Model_App->run(Array)
#22 C:\wamp\www\creo\index.php(93): Mage::run('', 'store')
#23 {main}

Next exception 'Zend_Db_Statement_Exception' with message 'SQLSTATE[23000]: Integrity constraint violation: 1062 Duplicate entry '1212' for key 'PRIMARY', query was: INSERT INTO `log_quote` (`quote_id`, `visitor_id`, `created_at`) VALUES (?, ?, '2015-12-29 12:29:14')' in C:\wamp\www\creo\lib\Zend\Db\Statement\Pdo.php:235
Stack trace:
#0 C:\wamp\www\creo\lib\Varien\Db\Statement\Pdo\Mysql.php(110): Zend_Db_Statement_Pdo->_execute(Array)
#1 C:\wamp\www\creo\app\code\core\Zend\Db\Statement.php(291): Varien_Db_Statement_Pdo_Mysql->_execute(Array)
#2 C:\wamp\www\creo\lib\Zend\Db\Adapter\Abstract.php(480): Zend_Db_Statement->execute(Array)
#3 C:\wamp\www\creo\lib\Zend\Db\Adapter\Pdo\Abstract.php(238): Zend_Db_Adapter_Abstract->query('INSERT INTO `lo...', Array)
#4 C:\wamp\www\creo\lib\Varien\Db\Adapter\Pdo\Mysql.php(428): Zend_Db_Adapter_Pdo_Abstract->query('INSERT INTO `lo...', Array)
#5 C:\wamp\www\creo\lib\Zend\Db\Adapter\Abstract.php(576): Varien_Db_Adapter_Pdo_Mysql->query('INSERT INTO `lo...', Array)
#6 C:\wamp\www\creo\app\code\core\Mage\Log\Model\Resource\Visitor.php(261): Zend_Db_Adapter_Abstract->insert('log_quote', Array)
#7 C:\wamp\www\creo\app\code\core\Mage\Log\Model\Resource\Visitor.php(116): Mage_Log_Model_Resource_Visitor->_saveQuoteInfo(Object(Mage_Log_Model_Visitor))
#8 C:\wamp\www\creo\app\code\core\Mage\Core\Model\Resource\Db\Abstract.php(463): Mage_Log_Model_Resource_Visitor->_afterSave(Object(Mage_Log_Model_Visitor))
#9 C:\wamp\www\creo\app\code\core\Mage\Core\Model\Abstract.php(318): Mage_Core_Model_Resource_Db_Abstract->save(Object(Mage_Log_Model_Visitor))
#10 C:\wamp\www\creo\app\code\core\Mage\Log\Model\Visitor.php(207): Mage_Core_Model_Abstract->save()
#11 C:\wamp\www\creo\app\code\core\Mage\Core\Model\App.php(1338): Mage_Log_Model_Visitor->saveByRequest(Object(Varien_Event_Observer))
#12 C:\wamp\www\creo\app\code\core\Mage\Core\Model\App.php(1317): Mage_Core_Model_App->_callObserverMethod(Object(Mage_Log_Model_Visitor), 'saveByRequest', Object(Varien_Event_Observer))
#13 C:\wamp\www\creo\app\Mage.php(448): Mage_Core_Model_App->dispatchEvent('controller_acti...', Array)
#14 C:\wamp\www\creo\app\code\local\Mage\Core\Controller\Varien\Action.php(551): Mage::dispatchEvent('controller_acti...', Array)
#15 C:\wamp\www\creo\app\code\local\Mage\Core\Controller\Front\Action.php(75): Mage_Core_Controller_Varien_Action->postDispatch()
#16 C:\wamp\www\creo\app\code\local\Mage\Core\Controller\Varien\Action.php(422): Mage_Core_Controller_Front_Action->postDispatch()
#17 C:\wamp\www\creo\app\code\local\Mage\Core\Controller\Varien\Router\Standard.php(250): Mage_Core_Controller_Varien_Action->dispatch('add')
#18 C:\wamp\www\creo\app\code\local\Mage\Core\Controller\Varien\Front.php(172): Mage_Core_Controller_Varien_Router_Standard->match(Object(Mage_Core_Controller_Request_Http))
#19 C:\wamp\www\creo\app\code\core\Mage\Core\Model\App.php(354): Mage_Core_Controller_Varien_Front->dispatch()
#20 C:\wamp\www\creo\app\Mage.php(684): Mage_Core_Model_App->run(Array)
#21 C:\wamp\www\creo\index.php(93): Mage::run('', 'store')
#22 {main}
2016-01-28T06:29:57+00:00 ERR (3): 
exception 'Zend_Mail_Protocol_Exception' with message 'Cannot connect to SMTP server 52.30.192.168 (52.30.192.168:25), connect error 10060
' in C:\wamp\www\creo\lib\Zend\Mail\Protocol\Abstract.php:431
Stack trace:
#0 C:\wamp\www\creo\lib\Zend\Mail\Protocol\Smtp.php(199): Zend_Mail_Protocol_Abstract->_expect(220, 300)
#1 C:\wamp\www\creo\lib\Zend\Mail\Transport\Smtp.php(200): Zend_Mail_Protocol_Smtp->helo('localhost')
#2 C:\wamp\www\creo\lib\Zend\Mail\Transport\Abstract.php(348): Zend_Mail_Transport_Smtp->_sendMail()
#3 C:\wamp\www\creo\lib\Zend\Mail.php(1194): Zend_Mail_Transport_Abstract->send(Object(Zend_Mail))
#4 C:\wamp\www\creo\app\code\local\Aschroder\SMTPPro\Model\Email\Template.php(132): Zend_Mail->send(Object(Zend_Mail_Transport_Smtp))
#5 C:\wamp\www\creo\app\code\local\Mage\Core\Model\Email\Template.php(510): Aschroder_SMTPPro_Model_Email_Template->send(Array, Array, Array)
#6 C:\wamp\www\creo\app\code\core\Mage\Core\Model\Email\Template\Mailer.php(84): Mage_Core_Model_Email_Template->sendTransactional('3', 'support', Array, Array, Array, '1')
#7 C:\wamp\www\creo\app\code\local\Mage\Customer\Model\Customer.php(677): Mage_Core_Model_Email_Template_Mailer->send()
#8 C:\wamp\www\creo\app\code\local\Mage\Customer\Model\Customer.php(604): Mage_Customer_Model_Customer->_sendEmailTemplate('customer/create...', 'customer/create...', Array, '1')
#9 C:\wamp\www\creo\app\code\local\Mage\Customer\controllers\AccountController.php(550): Mage_Customer_Model_Customer->sendNewAccountEmail('registered', '', '1')
#10 C:\wamp\www\creo\app\code\local\Mage\Customer\controllers\AccountController.php(336): Mage_Customer_AccountController->_welcomeCustomer(Object(Mage_Customer_Model_Customer))
#11 C:\wamp\www\creo\app\code\local\Mage\Customer\controllers\AccountController.php(288): Mage_Customer_AccountController->_successProcessRegistration(Object(Mage_Customer_Model_Customer))
#12 C:\wamp\www\creo\app\code\local\Mage\Core\Controller\Varien\Action.php(418): Mage_Customer_AccountController->createPostAction()
#13 C:\wamp\www\creo\app\code\local\Mage\Core\Controller\Varien\Router\Standard.php(250): Mage_Core_Controller_Varien_Action->dispatch('createpost')
#14 C:\wamp\www\creo\app\code\local\Mage\Core\Controller\Varien\Front.php(172): Mage_Core_Controller_Varien_Router_Standard->match(Object(Mage_Core_Controller_Request_Http))
#15 C:\wamp\www\creo\app\code\core\Mage\Core\Model\App.php(354): Mage_Core_Controller_Varien_Front->dispatch()
#16 C:\wamp\www\creo\app\Mage.php(684): Mage_Core_Model_App->run(Array)
#17 C:\wamp\www\creo\index.php(93): Mage::run('', 'store')
#18 {main}
2016-02-03T09:52:12+00:00 ERR (3): 
exception 'Mage_Core_Exception' with message 'Invalid block type: Mirasvit_SearchAutocomplete_Block_Layout' in C:\wamp\www\creo\app\Mage.php:595
Stack trace:
#0 C:\wamp\www\creo\app\code\core\Mage\Core\Model\Layout.php(495): Mage::throwException('Invalid block t...')
#1 C:\wamp\www\creo\app\code\core\Mage\Core\Model\Layout.php(437): Mage_Core_Model_Layout->_getBlockInstance('searchautocompl...', Array)
#2 C:\wamp\www\creo\app\code\core\Mage\Core\Model\Layout.php(472): Mage_Core_Model_Layout->createBlock('searchautocompl...', 'search.block')
#3 C:\wamp\www\creo\app\code\core\Mage\Core\Model\Layout.php(239): Mage_Core_Model_Layout->addBlock('searchautocompl...', 'search.block')
#4 C:\wamp\www\creo\app\code\core\Mage\Core\Model\Layout.php(205): Mage_Core_Model_Layout->_generateBlock(Object(Mage_Core_Model_Layout_Element), Object(Mage_Core_Model_Layout_Element))
#5 C:\wamp\www\creo\app\code\local\Mage\Core\Controller\Varien\Action.php(344): Mage_Core_Model_Layout->generateBlocks()
#6 C:\wamp\www\creo\app\code\core\Mage\Cms\Helper\Page.php(113): Mage_Core_Controller_Varien_Action->generateLayoutBlocks()
#7 C:\wamp\www\creo\app\code\core\Mage\Cms\Helper\Page.php(52): Mage_Cms_Helper_Page->_renderPage(Object(Mage_Cms_IndexController), 'home')
#8 C:\wamp\www\creo\app\code\core\Mage\Cms\controllers\IndexController.php(52): Mage_Cms_Helper_Page->renderPage(Object(Mage_Cms_IndexController), 'home')
#9 C:\wamp\www\creo\app\code\local\Mage\Core\Controller\Varien\Action.php(418): Mage_Cms_IndexController->indexAction()
#10 C:\wamp\www\creo\app\code\local\Mage\Core\Controller\Varien\Router\Standard.php(250): Mage_Core_Controller_Varien_Action->dispatch('index')
#11 C:\wamp\www\creo\app\code\local\Mage\Core\Controller\Varien\Front.php(172): Mage_Core_Controller_Varien_Router_Standard->match(Object(Mage_Core_Controller_Request_Http))
#12 C:\wamp\www\creo\app\code\core\Mage\Core\Model\App.php(354): Mage_Core_Controller_Varien_Front->dispatch()
#13 C:\wamp\www\creo\app\Mage.php(684): Mage_Core_Model_App->run(Array)
#14 C:\wamp\www\creo\index.php(93): Mage::run('', 'store')
#15 {main}
2016-02-03T09:52:12+00:00 ERR (3): 
exception 'Mage_Core_Exception' with message 'Invalid block type: Mirasvit_SearchIndex_Block_Snippet' in C:\wamp\www\creo\app\Mage.php:595
Stack trace:
#0 C:\wamp\www\creo\app\code\core\Mage\Core\Model\Layout.php(495): Mage::throwException('Invalid block t...')
#1 C:\wamp\www\creo\app\code\core\Mage\Core\Model\Layout.php(437): Mage_Core_Model_Layout->_getBlockInstance('searchindex/sni...', Array)
#2 C:\wamp\www\creo\app\code\core\Mage\Core\Model\Layout.php(472): Mage_Core_Model_Layout->createBlock('searchindex/sni...', 'google_sitelink...')
#3 C:\wamp\www\creo\app\code\core\Mage\Core\Model\Layout.php(239): Mage_Core_Model_Layout->addBlock('searchindex/sni...', 'google_sitelink...')
#4 C:\wamp\www\creo\app\code\core\Mage\Core\Model\Layout.php(205): Mage_Core_Model_Layout->_generateBlock(Object(Mage_Core_Model_Layout_Element), Object(Mage_Core_Model_Layout_Element))
#5 C:\wamp\www\creo\app\code\core\Mage\Core\Model\Layout.php(210): Mage_Core_Model_Layout->generateBlocks(Object(Mage_Core_Model_Layout_Element))
#6 C:\wamp\www\creo\app\code\local\Mage\Core\Controller\Varien\Action.php(344): Mage_Core_Model_Layout->generateBlocks()
#7 C:\wamp\www\creo\app\code\core\Mage\Cms\Helper\Page.php(113): Mage_Core_Controller_Varien_Action->generateLayoutBlocks()
#8 C:\wamp\www\creo\app\code\core\Mage\Cms\Helper\Page.php(52): Mage_Cms_Helper_Page->_renderPage(Object(Mage_Cms_IndexController), 'home')
#9 C:\wamp\www\creo\app\code\core\Mage\Cms\controllers\IndexController.php(52): Mage_Cms_Helper_Page->renderPage(Object(Mage_Cms_IndexController), 'home')
#10 C:\wamp\www\creo\app\code\local\Mage\Core\Controller\Varien\Action.php(418): Mage_Cms_IndexController->indexAction()
#11 C:\wamp\www\creo\app\code\local\Mage\Core\Controller\Varien\Router\Standard.php(250): Mage_Core_Controller_Varien_Action->dispatch('index')
#12 C:\wamp\www\creo\app\code\local\Mage\Core\Controller\Varien\Front.php(172): Mage_Core_Controller_Varien_Router_Standard->match(Object(Mage_Core_Controller_Request_Http))
#13 C:\wamp\www\creo\app\code\core\Mage\Core\Model\App.php(354): Mage_Core_Controller_Varien_Front->dispatch()
#14 C:\wamp\www\creo\app\Mage.php(684): Mage_Core_Model_App->run(Array)
#15 C:\wamp\www\creo\index.php(93): Mage::run('', 'store')
#16 {main}
2016-02-03T09:52:16+00:00 ERR (3): 
exception 'Mage_Core_Exception' with message 'Invalid block type: Mirasvit_SearchAutocomplete_Block_Layout' in C:\wamp\www\creo\app\Mage.php:595
Stack trace:
#0 C:\wamp\www\creo\app\code\core\Mage\Core\Model\Layout.php(495): Mage::throwException('Invalid block t...')
#1 C:\wamp\www\creo\app\code\core\Mage\Core\Model\Layout.php(437): Mage_Core_Model_Layout->_getBlockInstance('searchautocompl...', Array)
#2 C:\wamp\www\creo\app\code\core\Mage\Core\Model\Layout.php(472): Mage_Core_Model_Layout->createBlock('searchautocompl...', 'search.block')
#3 C:\wamp\www\creo\app\code\core\Mage\Core\Model\Layout.php(239): Mage_Core_Model_Layout->addBlock('searchautocompl...', 'search.block')
#4 C:\wamp\www\creo\app\code\core\Mage\Core\Model\Layout.php(205): Mage_Core_Model_Layout->_generateBlock(Object(Mage_Core_Model_Layout_Element), Object(Mage_Core_Model_Layout_Element))
#5 C:\wamp\www\creo\app\code\local\Mage\Core\Controller\Varien\Action.php(344): Mage_Core_Model_Layout->generateBlocks()
#6 C:\wamp\www\creo\app\code\core\Mage\Cms\Helper\Page.php(113): Mage_Core_Controller_Varien_Action->generateLayoutBlocks()
#7 C:\wamp\www\creo\app\code\core\Mage\Cms\Helper\Page.php(52): Mage_Cms_Helper_Page->_renderPage(Object(Mage_Cms_IndexController), 'home')
#8 C:\wamp\www\creo\app\code\core\Mage\Cms\controllers\IndexController.php(52): Mage_Cms_Helper_Page->renderPage(Object(Mage_Cms_IndexController), 'home')
#9 C:\wamp\www\creo\app\code\local\Mage\Core\Controller\Varien\Action.php(418): Mage_Cms_IndexController->indexAction()
#10 C:\wamp\www\creo\app\code\local\Mage\Core\Controller\Varien\Router\Standard.php(250): Mage_Core_Controller_Varien_Action->dispatch('index')
#11 C:\wamp\www\creo\app\code\local\Mage\Core\Controller\Varien\Front.php(172): Mage_Core_Controller_Varien_Router_Standard->match(Object(Mage_Core_Controller_Request_Http))
#12 C:\wamp\www\creo\app\code\core\Mage\Core\Model\App.php(354): Mage_Core_Controller_Varien_Front->dispatch()
#13 C:\wamp\www\creo\app\Mage.php(684): Mage_Core_Model_App->run(Array)
#14 C:\wamp\www\creo\index.php(93): Mage::run('', 'store')
#15 {main}
2016-02-03T09:52:16+00:00 ERR (3): 
exception 'Mage_Core_Exception' with message 'Invalid block type: Mirasvit_SearchIndex_Block_Snippet' in C:\wamp\www\creo\app\Mage.php:595
Stack trace:
#0 C:\wamp\www\creo\app\code\core\Mage\Core\Model\Layout.php(495): Mage::throwException('Invalid block t...')
#1 C:\wamp\www\creo\app\code\core\Mage\Core\Model\Layout.php(437): Mage_Core_Model_Layout->_getBlockInstance('searchindex/sni...', Array)
#2 C:\wamp\www\creo\app\code\core\Mage\Core\Model\Layout.php(472): Mage_Core_Model_Layout->createBlock('searchindex/sni...', 'google_sitelink...')
#3 C:\wamp\www\creo\app\code\core\Mage\Core\Model\Layout.php(239): Mage_Core_Model_Layout->addBlock('searchindex/sni...', 'google_sitelink...')
#4 C:\wamp\www\creo\app\code\core\Mage\Core\Model\Layout.php(205): Mage_Core_Model_Layout->_generateBlock(Object(Mage_Core_Model_Layout_Element), Object(Mage_Core_Model_Layout_Element))
#5 C:\wamp\www\creo\app\code\core\Mage\Core\Model\Layout.php(210): Mage_Core_Model_Layout->generateBlocks(Object(Mage_Core_Model_Layout_Element))
#6 C:\wamp\www\creo\app\code\local\Mage\Core\Controller\Varien\Action.php(344): Mage_Core_Model_Layout->generateBlocks()
#7 C:\wamp\www\creo\app\code\core\Mage\Cms\Helper\Page.php(113): Mage_Core_Controller_Varien_Action->generateLayoutBlocks()
#8 C:\wamp\www\creo\app\code\core\Mage\Cms\Helper\Page.php(52): Mage_Cms_Helper_Page->_renderPage(Object(Mage_Cms_IndexController), 'home')
#9 C:\wamp\www\creo\app\code\core\Mage\Cms\controllers\IndexController.php(52): Mage_Cms_Helper_Page->renderPage(Object(Mage_Cms_IndexController), 'home')
#10 C:\wamp\www\creo\app\code\local\Mage\Core\Controller\Varien\Action.php(418): Mage_Cms_IndexController->indexAction()
#11 C:\wamp\www\creo\app\code\local\Mage\Core\Controller\Varien\Router\Standard.php(250): Mage_Core_Controller_Varien_Action->dispatch('index')
#12 C:\wamp\www\creo\app\code\local\Mage\Core\Controller\Varien\Front.php(172): Mage_Core_Controller_Varien_Router_Standard->match(Object(Mage_Core_Controller_Request_Http))
#13 C:\wamp\www\creo\app\code\core\Mage\Core\Model\App.php(354): Mage_Core_Controller_Varien_Front->dispatch()
#14 C:\wamp\www\creo\app\Mage.php(684): Mage_Core_Model_App->run(Array)
#15 C:\wamp\www\creo\index.php(93): Mage::run('', 'store')
#16 {main}
2016-02-08T08:37:40+00:00 ERR (3): 
exception 'Mage_Core_Exception' with message 'Invalid block type: Mirasvit_SearchAutocomplete_Block_Layout' in C:\wamp\www\creo\app\Mage.php:595
Stack trace:
#0 C:\wamp\www\creo\app\code\core\Mage\Core\Model\Layout.php(495): Mage::throwException('Invalid block t...')
#1 C:\wamp\www\creo\app\code\core\Mage\Core\Model\Layout.php(437): Mage_Core_Model_Layout->_getBlockInstance('searchautocompl...', Array)
#2 C:\wamp\www\creo\app\code\core\Mage\Core\Model\Layout.php(472): Mage_Core_Model_Layout->createBlock('searchautocompl...', 'search.block')
#3 C:\wamp\www\creo\app\code\core\Mage\Core\Model\Layout.php(239): Mage_Core_Model_Layout->addBlock('searchautocompl...', 'search.block')
#4 C:\wamp\www\creo\app\code\core\Mage\Core\Model\Layout.php(205): Mage_Core_Model_Layout->_generateBlock(Object(Mage_Core_Model_Layout_Element), Object(Mage_Core_Model_Layout_Element))
#5 C:\wamp\www\creo\app\code\local\Mage\Core\Controller\Varien\Action.php(344): Mage_Core_Model_Layout->generateBlocks()
#6 C:\wamp\www\creo\app\code\core\Mage\Cms\Helper\Page.php(113): Mage_Core_Controller_Varien_Action->generateLayoutBlocks()
#7 C:\wamp\www\creo\app\code\core\Mage\Cms\Helper\Page.php(52): Mage_Cms_Helper_Page->_renderPage(Object(Mage_Cms_IndexController), 'home')
#8 C:\wamp\www\creo\app\code\core\Mage\Cms\controllers\IndexController.php(52): Mage_Cms_Helper_Page->renderPage(Object(Mage_Cms_IndexController), 'home')
#9 C:\wamp\www\creo\app\code\local\Mage\Core\Controller\Varien\Action.php(418): Mage_Cms_IndexController->indexAction()
#10 C:\wamp\www\creo\app\code\local\Mage\Core\Controller\Varien\Router\Standard.php(250): Mage_Core_Controller_Varien_Action->dispatch('index')
#11 C:\wamp\www\creo\app\code\local\Mage\Core\Controller\Varien\Front.php(172): Mage_Core_Controller_Varien_Router_Standard->match(Object(Mage_Core_Controller_Request_Http))
#12 C:\wamp\www\creo\app\code\core\Mage\Core\Model\App.php(354): Mage_Core_Controller_Varien_Front->dispatch()
#13 C:\wamp\www\creo\app\Mage.php(684): Mage_Core_Model_App->run(Array)
#14 C:\wamp\www\creo\index.php(93): Mage::run('', 'store')
#15 {main}
2016-02-08T08:37:40+00:00 ERR (3): 
exception 'Mage_Core_Exception' with message 'Invalid block type: Mirasvit_SearchIndex_Block_Snippet' in C:\wamp\www\creo\app\Mage.php:595
Stack trace:
#0 C:\wamp\www\creo\app\code\core\Mage\Core\Model\Layout.php(495): Mage::throwException('Invalid block t...')
#1 C:\wamp\www\creo\app\code\core\Mage\Core\Model\Layout.php(437): Mage_Core_Model_Layout->_getBlockInstance('searchindex/sni...', Array)
#2 C:\wamp\www\creo\app\code\core\Mage\Core\Model\Layout.php(472): Mage_Core_Model_Layout->createBlock('searchindex/sni...', 'google_sitelink...')
#3 C:\wamp\www\creo\app\code\core\Mage\Core\Model\Layout.php(239): Mage_Core_Model_Layout->addBlock('searchindex/sni...', 'google_sitelink...')
#4 C:\wamp\www\creo\app\code\core\Mage\Core\Model\Layout.php(205): Mage_Core_Model_Layout->_generateBlock(Object(Mage_Core_Model_Layout_Element), Object(Mage_Core_Model_Layout_Element))
#5 C:\wamp\www\creo\app\code\core\Mage\Core\Model\Layout.php(210): Mage_Core_Model_Layout->generateBlocks(Object(Mage_Core_Model_Layout_Element))
#6 C:\wamp\www\creo\app\code\local\Mage\Core\Controller\Varien\Action.php(344): Mage_Core_Model_Layout->generateBlocks()
#7 C:\wamp\www\creo\app\code\core\Mage\Cms\Helper\Page.php(113): Mage_Core_Controller_Varien_Action->generateLayoutBlocks()
#8 C:\wamp\www\creo\app\code\core\Mage\Cms\Helper\Page.php(52): Mage_Cms_Helper_Page->_renderPage(Object(Mage_Cms_IndexController), 'home')
#9 C:\wamp\www\creo\app\code\core\Mage\Cms\controllers\IndexController.php(52): Mage_Cms_Helper_Page->renderPage(Object(Mage_Cms_IndexController), 'home')
#10 C:\wamp\www\creo\app\code\local\Mage\Core\Controller\Varien\Action.php(418): Mage_Cms_IndexController->indexAction()
#11 C:\wamp\www\creo\app\code\local\Mage\Core\Controller\Varien\Router\Standard.php(250): Mage_Core_Controller_Varien_Action->dispatch('index')
#12 C:\wamp\www\creo\app\code\local\Mage\Core\Controller\Varien\Front.php(172): Mage_Core_Controller_Varien_Router_Standard->match(Object(Mage_Core_Controller_Request_Http))
#13 C:\wamp\www\creo\app\code\core\Mage\Core\Model\App.php(354): Mage_Core_Controller_Varien_Front->dispatch()
#14 C:\wamp\www\creo\app\Mage.php(684): Mage_Core_Model_App->run(Array)
#15 C:\wamp\www\creo\index.php(93): Mage::run('', 'store')
#16 {main}
2016-02-25T12:35:08+00:00 ERR (3): 
exception 'Mage_Core_Exception' with message 'Invalid block type: Tentura_Ngroups_Block_Ngroups' in C:\wamp\www\creo\app\Mage.php:595
Stack trace:
#0 C:\wamp\www\creo\app\code\core\Mage\Core\Model\Layout.php(495): Mage::throwException('Invalid block t...')
#1 C:\wamp\www\creo\app\code\core\Mage\Core\Model\Layout.php(437): Mage_Core_Model_Layout->_getBlockInstance('ngroups/ngroups', Array)
#2 C:\wamp\www\creo\app\code\core\Mage\Core\Model\Layout.php(472): Mage_Core_Model_Layout->createBlock('ngroups/ngroups', 'ngroups')
#3 C:\wamp\www\creo\app\code\core\Mage\Core\Model\Layout.php(239): Mage_Core_Model_Layout->addBlock('ngroups/ngroups', 'ngroups')
#4 C:\wamp\www\creo\app\code\core\Mage\Core\Model\Layout.php(205): Mage_Core_Model_Layout->_generateBlock(Object(Mage_Core_Model_Layout_Element), Object(Mage_Core_Model_Layout_Element))
#5 C:\wamp\www\creo\app\code\core\Mage\Core\Model\Layout.php(210): Mage_Core_Model_Layout->generateBlocks(Object(Mage_Core_Model_Layout_Element))
#6 C:\wamp\www\creo\app\code\local\Mage\Core\Controller\Varien\Action.php(344): Mage_Core_Model_Layout->generateBlocks()
#7 C:\wamp\www\creo\app\code\core\Mage\Catalog\controllers\CategoryController.php(148): Mage_Core_Controller_Varien_Action->generateLayoutBlocks()
#8 C:\wamp\www\creo\app\code\local\Mage\Core\Controller\Varien\Action.php(418): Mage_Catalog_CategoryController->viewAction()
#9 C:\wamp\www\creo\app\code\local\Mage\Core\Controller\Varien\Router\Standard.php(250): Mage_Core_Controller_Varien_Action->dispatch('view')
#10 C:\wamp\www\creo\app\code\local\Mage\Core\Controller\Varien\Front.php(172): Mage_Core_Controller_Varien_Router_Standard->match(Object(Mage_Core_Controller_Request_Http))
#11 C:\wamp\www\creo\app\code\core\Mage\Core\Model\App.php(354): Mage_Core_Controller_Varien_Front->dispatch()
#12 C:\wamp\www\creo\app\Mage.php(684): Mage_Core_Model_App->run(Array)
#13 C:\wamp\www\creo\index.php(93): Mage::run('', 'store')
#14 {main}
2016-02-25T12:35:25+00:00 ERR (3): 
exception 'Mage_Core_Exception' with message 'Invalid block type: Tentura_Ngroups_Block_Ngroups' in C:\wamp\www\creo\app\Mage.php:595
Stack trace:
#0 C:\wamp\www\creo\app\code\core\Mage\Core\Model\Layout.php(495): Mage::throwException('Invalid block t...')
#1 C:\wamp\www\creo\app\code\core\Mage\Core\Model\Layout.php(437): Mage_Core_Model_Layout->_getBlockInstance('ngroups/ngroups', Array)
#2 C:\wamp\www\creo\app\code\core\Mage\Core\Model\Layout.php(472): Mage_Core_Model_Layout->createBlock('ngroups/ngroups', 'ngroups')
#3 C:\wamp\www\creo\app\code\core\Mage\Core\Model\Layout.php(239): Mage_Core_Model_Layout->addBlock('ngroups/ngroups', 'ngroups')
#4 C:\wamp\www\creo\app\code\core\Mage\Core\Model\Layout.php(205): Mage_Core_Model_Layout->_generateBlock(Object(Mage_Core_Model_Layout_Element), Object(Mage_Core_Model_Layout_Element))
#5 C:\wamp\www\creo\app\code\core\Mage\Core\Model\Layout.php(210): Mage_Core_Model_Layout->generateBlocks(Object(Mage_Core_Model_Layout_Element))
#6 C:\wamp\www\creo\app\code\local\Mage\Core\Controller\Varien\Action.php(344): Mage_Core_Model_Layout->generateBlocks()
#7 C:\wamp\www\creo\app\code\core\Mage\Catalog\controllers\CategoryController.php(148): Mage_Core_Controller_Varien_Action->generateLayoutBlocks()
#8 C:\wamp\www\creo\app\code\local\Mage\Core\Controller\Varien\Action.php(418): Mage_Catalog_CategoryController->viewAction()
#9 C:\wamp\www\creo\app\code\local\Mage\Core\Controller\Varien\Router\Standard.php(250): Mage_Core_Controller_Varien_Action->dispatch('view')
#10 C:\wamp\www\creo\app\code\local\Mage\Core\Controller\Varien\Front.php(172): Mage_Core_Controller_Varien_Router_Standard->match(Object(Mage_Core_Controller_Request_Http))
#11 C:\wamp\www\creo\app\code\core\Mage\Core\Model\App.php(354): Mage_Core_Controller_Varien_Front->dispatch()
#12 C:\wamp\www\creo\app\Mage.php(684): Mage_Core_Model_App->run(Array)
#13 C:\wamp\www\creo\index.php(93): Mage::run('', 'store')
#14 {main}
2016-02-25T12:35:41+00:00 ERR (3): 
exception 'Mage_Core_Exception' with message 'Invalid block type: Tentura_Ngroups_Block_Ngroups' in C:\wamp\www\creo\app\Mage.php:595
Stack trace:
#0 C:\wamp\www\creo\app\code\core\Mage\Core\Model\Layout.php(495): Mage::throwException('Invalid block t...')
#1 C:\wamp\www\creo\app\code\core\Mage\Core\Model\Layout.php(437): Mage_Core_Model_Layout->_getBlockInstance('ngroups/ngroups', Array)
#2 C:\wamp\www\creo\app\code\core\Mage\Core\Model\Layout.php(472): Mage_Core_Model_Layout->createBlock('ngroups/ngroups', 'ngroups')
#3 C:\wamp\www\creo\app\code\core\Mage\Core\Model\Layout.php(239): Mage_Core_Model_Layout->addBlock('ngroups/ngroups', 'ngroups')
#4 C:\wamp\www\creo\app\code\core\Mage\Core\Model\Layout.php(205): Mage_Core_Model_Layout->_generateBlock(Object(Mage_Core_Model_Layout_Element), Object(Mage_Core_Model_Layout_Element))
#5 C:\wamp\www\creo\app\code\core\Mage\Core\Model\Layout.php(210): Mage_Core_Model_Layout->generateBlocks(Object(Mage_Core_Model_Layout_Element))
#6 C:\wamp\www\creo\app\code\local\Mage\Core\Controller\Varien\Action.php(344): Mage_Core_Model_Layout->generateBlocks()
#7 C:\wamp\www\creo\app\code\core\Mage\Catalog\controllers\CategoryController.php(148): Mage_Core_Controller_Varien_Action->generateLayoutBlocks()
#8 C:\wamp\www\creo\app\code\local\Mage\Core\Controller\Varien\Action.php(418): Mage_Catalog_CategoryController->viewAction()
#9 C:\wamp\www\creo\app\code\local\Mage\Core\Controller\Varien\Router\Standard.php(250): Mage_Core_Controller_Varien_Action->dispatch('view')
#10 C:\wamp\www\creo\app\code\local\Mage\Core\Controller\Varien\Front.php(172): Mage_Core_Controller_Varien_Router_Standard->match(Object(Mage_Core_Controller_Request_Http))
#11 C:\wamp\www\creo\app\code\core\Mage\Core\Model\App.php(354): Mage_Core_Controller_Varien_Front->dispatch()
#12 C:\wamp\www\creo\app\Mage.php(684): Mage_Core_Model_App->run(Array)
#13 C:\wamp\www\creo\index.php(93): Mage::run('', 'store')
#14 {main}
2016-02-25T12:35:58+00:00 ERR (3): 
exception 'Mage_Core_Exception' with message 'Invalid block type: Tentura_Ngroups_Block_Ngroups' in C:\wamp\www\creo\app\Mage.php:595
Stack trace:
#0 C:\wamp\www\creo\app\code\core\Mage\Core\Model\Layout.php(495): Mage::throwException('Invalid block t...')
#1 C:\wamp\www\creo\app\code\core\Mage\Core\Model\Layout.php(437): Mage_Core_Model_Layout->_getBlockInstance('ngroups/ngroups', Array)
#2 C:\wamp\www\creo\app\code\core\Mage\Core\Model\Layout.php(472): Mage_Core_Model_Layout->createBlock('ngroups/ngroups', 'ngroups')
#3 C:\wamp\www\creo\app\code\core\Mage\Core\Model\Layout.php(239): Mage_Core_Model_Layout->addBlock('ngroups/ngroups', 'ngroups')
#4 C:\wamp\www\creo\app\code\core\Mage\Core\Model\Layout.php(205): Mage_Core_Model_Layout->_generateBlock(Object(Mage_Core_Model_Layout_Element), Object(Mage_Core_Model_Layout_Element))
#5 C:\wamp\www\creo\app\code\core\Mage\Core\Model\Layout.php(210): Mage_Core_Model_Layout->generateBlocks(Object(Mage_Core_Model_Layout_Element))
#6 C:\wamp\www\creo\app\code\local\Mage\Core\Controller\Varien\Action.php(344): Mage_Core_Model_Layout->generateBlocks()
#7 C:\wamp\www\creo\app\code\core\Mage\Catalog\controllers\CategoryController.php(148): Mage_Core_Controller_Varien_Action->generateLayoutBlocks()
#8 C:\wamp\www\creo\app\code\local\Mage\Core\Controller\Varien\Action.php(418): Mage_Catalog_CategoryController->viewAction()
#9 C:\wamp\www\creo\app\code\local\Mage\Core\Controller\Varien\Router\Standard.php(250): Mage_Core_Controller_Varien_Action->dispatch('view')
#10 C:\wamp\www\creo\app\code\local\Mage\Core\Controller\Varien\Front.php(172): Mage_Core_Controller_Varien_Router_Standard->match(Object(Mage_Core_Controller_Request_Http))
#11 C:\wamp\www\creo\app\code\core\Mage\Core\Model\App.php(354): Mage_Core_Controller_Varien_Front->dispatch()
#12 C:\wamp\www\creo\app\Mage.php(684): Mage_Core_Model_App->run(Array)
#13 C:\wamp\www\creo\index.php(93): Mage::run('', 'store')
#14 {main}
2016-02-25T12:36:17+00:00 ERR (3): 
exception 'Mage_Core_Exception' with message 'Invalid block type: Tentura_Ngroups_Block_Ngroups' in C:\wamp\www\creo\app\Mage.php:595
Stack trace:
#0 C:\wamp\www\creo\app\code\core\Mage\Core\Model\Layout.php(495): Mage::throwException('Invalid block t...')
#1 C:\wamp\www\creo\app\code\core\Mage\Core\Model\Layout.php(437): Mage_Core_Model_Layout->_getBlockInstance('ngroups/ngroups', Array)
#2 C:\wamp\www\creo\app\code\core\Mage\Core\Model\Layout.php(472): Mage_Core_Model_Layout->createBlock('ngroups/ngroups', 'ngroups')
#3 C:\wamp\www\creo\app\code\core\Mage\Core\Model\Layout.php(239): Mage_Core_Model_Layout->addBlock('ngroups/ngroups', 'ngroups')
#4 C:\wamp\www\creo\app\code\core\Mage\Core\Model\Layout.php(205): Mage_Core_Model_Layout->_generateBlock(Object(Mage_Core_Model_Layout_Element), Object(Mage_Core_Model_Layout_Element))
#5 C:\wamp\www\creo\app\code\core\Mage\Core\Model\Layout.php(210): Mage_Core_Model_Layout->generateBlocks(Object(Mage_Core_Model_Layout_Element))
#6 C:\wamp\www\creo\app\code\local\Mage\Core\Controller\Varien\Action.php(344): Mage_Core_Model_Layout->generateBlocks()
#7 C:\wamp\www\creo\app\code\core\Mage\Catalog\controllers\CategoryController.php(148): Mage_Core_Controller_Varien_Action->generateLayoutBlocks()
#8 C:\wamp\www\creo\app\code\local\Mage\Core\Controller\Varien\Action.php(418): Mage_Catalog_CategoryController->viewAction()
#9 C:\wamp\www\creo\app\code\local\Mage\Core\Controller\Varien\Router\Standard.php(250): Mage_Core_Controller_Varien_Action->dispatch('view')
#10 C:\wamp\www\creo\app\code\local\Mage\Core\Controller\Varien\Front.php(172): Mage_Core_Controller_Varien_Router_Standard->match(Object(Mage_Core_Controller_Request_Http))
#11 C:\wamp\www\creo\app\code\core\Mage\Core\Model\App.php(354): Mage_Core_Controller_Varien_Front->dispatch()
#12 C:\wamp\www\creo\app\Mage.php(684): Mage_Core_Model_App->run(Array)
#13 C:\wamp\www\creo\index.php(93): Mage::run('', 'store')
#14 {main}
2016-02-25T12:36:34+00:00 ERR (3): 
exception 'Mage_Core_Exception' with message 'Invalid block type: Tentura_Ngroups_Block_Ngroups' in C:\wamp\www\creo\app\Mage.php:595
Stack trace:
#0 C:\wamp\www\creo\app\code\core\Mage\Core\Model\Layout.php(495): Mage::throwException('Invalid block t...')
#1 C:\wamp\www\creo\app\code\core\Mage\Core\Model\Layout.php(437): Mage_Core_Model_Layout->_getBlockInstance('ngroups/ngroups', Array)
#2 C:\wamp\www\creo\app\code\core\Mage\Core\Model\Layout.php(472): Mage_Core_Model_Layout->createBlock('ngroups/ngroups', 'ngroups')
#3 C:\wamp\www\creo\app\code\core\Mage\Core\Model\Layout.php(239): Mage_Core_Model_Layout->addBlock('ngroups/ngroups', 'ngroups')
#4 C:\wamp\www\creo\app\code\core\Mage\Core\Model\Layout.php(205): Mage_Core_Model_Layout->_generateBlock(Object(Mage_Core_Model_Layout_Element), Object(Mage_Core_Model_Layout_Element))
#5 C:\wamp\www\creo\app\code\core\Mage\Core\Model\Layout.php(210): Mage_Core_Model_Layout->generateBlocks(Object(Mage_Core_Model_Layout_Element))
#6 C:\wamp\www\creo\app\code\local\Mage\Core\Controller\Varien\Action.php(344): Mage_Core_Model_Layout->generateBlocks()
#7 C:\wamp\www\creo\app\code\core\Mage\Catalog\controllers\CategoryController.php(148): Mage_Core_Controller_Varien_Action->generateLayoutBlocks()
#8 C:\wamp\www\creo\app\code\local\Mage\Core\Controller\Varien\Action.php(418): Mage_Catalog_CategoryController->viewAction()
#9 C:\wamp\www\creo\app\code\local\Mage\Core\Controller\Varien\Router\Standard.php(250): Mage_Core_Controller_Varien_Action->dispatch('view')
#10 C:\wamp\www\creo\app\code\local\Mage\Core\Controller\Varien\Front.php(172): Mage_Core_Controller_Varien_Router_Standard->match(Object(Mage_Core_Controller_Request_Http))
#11 C:\wamp\www\creo\app\code\core\Mage\Core\Model\App.php(354): Mage_Core_Controller_Varien_Front->dispatch()
#12 C:\wamp\www\creo\app\Mage.php(684): Mage_Core_Model_App->run(Array)
#13 C:\wamp\www\creo\index.php(93): Mage::run('', 'store')
#14 {main}
2016-02-25T12:38:13+00:00 ERR (3): 
exception 'Mage_Core_Exception' with message 'Invalid block type: Tentura_Ngroups_Block_Ngroups' in C:\wamp\www\creo\app\Mage.php:595
Stack trace:
#0 C:\wamp\www\creo\app\code\core\Mage\Core\Model\Layout.php(495): Mage::throwException('Invalid block t...')
#1 C:\wamp\www\creo\app\code\core\Mage\Core\Model\Layout.php(437): Mage_Core_Model_Layout->_getBlockInstance('ngroups/ngroups', Array)
#2 C:\wamp\www\creo\app\code\core\Mage\Core\Model\Layout.php(472): Mage_Core_Model_Layout->createBlock('ngroups/ngroups', 'ngroups')
#3 C:\wamp\www\creo\app\code\core\Mage\Core\Model\Layout.php(239): Mage_Core_Model_Layout->addBlock('ngroups/ngroups', 'ngroups')
#4 C:\wamp\www\creo\app\code\core\Mage\Core\Model\Layout.php(205): Mage_Core_Model_Layout->_generateBlock(Object(Mage_Core_Model_Layout_Element), Object(Mage_Core_Model_Layout_Element))
#5 C:\wamp\www\creo\app\code\core\Mage\Core\Model\Layout.php(210): Mage_Core_Model_Layout->generateBlocks(Object(Mage_Core_Model_Layout_Element))
#6 C:\wamp\www\creo\app\code\local\Mage\Core\Controller\Varien\Action.php(344): Mage_Core_Model_Layout->generateBlocks()
#7 C:\wamp\www\creo\app\code\core\Mage\Catalog\controllers\CategoryController.php(148): Mage_Core_Controller_Varien_Action->generateLayoutBlocks()
#8 C:\wamp\www\creo\app\code\local\Mage\Core\Controller\Varien\Action.php(418): Mage_Catalog_CategoryController->viewAction()
#9 C:\wamp\www\creo\app\code\local\Mage\Core\Controller\Varien\Router\Standard.php(250): Mage_Core_Controller_Varien_Action->dispatch('view')
#10 C:\wamp\www\creo\app\code\local\Mage\Core\Controller\Varien\Front.php(172): Mage_Core_Controller_Varien_Router_Standard->match(Object(Mage_Core_Controller_Request_Http))
#11 C:\wamp\www\creo\app\code\core\Mage\Core\Model\App.php(354): Mage_Core_Controller_Varien_Front->dispatch()
#12 C:\wamp\www\creo\app\Mage.php(684): Mage_Core_Model_App->run(Array)
#13 C:\wamp\www\creo\index.php(93): Mage::run('', 'store')
#14 {main}
2016-03-10T13:50:00+00:00 ERR (3): 
exception 'PDOException' with message 'SQLSTATE[23000]: Integrity constraint violation: 1062 Duplicate entry '1227' for key 'PRIMARY'' in C:\wamp\www\creo\lib\Zend\Db\Statement\Pdo.php:228
Stack trace:
#0 C:\wamp\www\creo\lib\Zend\Db\Statement\Pdo.php(228): PDOStatement->execute(Array)
#1 C:\wamp\www\creo\lib\Varien\Db\Statement\Pdo\Mysql.php(110): Zend_Db_Statement_Pdo->_execute(Array)
#2 C:\wamp\www\creo\app\code\core\Zend\Db\Statement.php(291): Varien_Db_Statement_Pdo_Mysql->_execute(Array)
#3 C:\wamp\www\creo\lib\Zend\Db\Adapter\Abstract.php(480): Zend_Db_Statement->execute(Array)
#4 C:\wamp\www\creo\lib\Zend\Db\Adapter\Pdo\Abstract.php(238): Zend_Db_Adapter_Abstract->query('INSERT INTO `lo...', Array)
#5 C:\wamp\www\creo\lib\Varien\Db\Adapter\Pdo\Mysql.php(428): Zend_Db_Adapter_Pdo_Abstract->query('INSERT INTO `lo...', Array)
#6 C:\wamp\www\creo\lib\Zend\Db\Adapter\Abstract.php(576): Varien_Db_Adapter_Pdo_Mysql->query('INSERT INTO `lo...', Array)
#7 C:\wamp\www\creo\app\code\core\Mage\Log\Model\Resource\Visitor.php(261): Zend_Db_Adapter_Abstract->insert('log_quote', Array)
#8 C:\wamp\www\creo\app\code\core\Mage\Log\Model\Resource\Visitor.php(116): Mage_Log_Model_Resource_Visitor->_saveQuoteInfo(Object(Mage_Log_Model_Visitor))
#9 C:\wamp\www\creo\app\code\core\Mage\Core\Model\Resource\Db\Abstract.php(463): Mage_Log_Model_Resource_Visitor->_afterSave(Object(Mage_Log_Model_Visitor))
#10 C:\wamp\www\creo\app\code\core\Mage\Core\Model\Abstract.php(318): Mage_Core_Model_Resource_Db_Abstract->save(Object(Mage_Log_Model_Visitor))
#11 C:\wamp\www\creo\app\code\core\Mage\Log\Model\Visitor.php(207): Mage_Core_Model_Abstract->save()
#12 C:\wamp\www\creo\app\code\core\Mage\Core\Model\App.php(1338): Mage_Log_Model_Visitor->saveByRequest(Object(Varien_Event_Observer))
#13 C:\wamp\www\creo\app\code\core\Mage\Core\Model\App.php(1317): Mage_Core_Model_App->_callObserverMethod(Object(Mage_Log_Model_Visitor), 'saveByRequest', Object(Varien_Event_Observer))
#14 C:\wamp\www\creo\app\Mage.php(448): Mage_Core_Model_App->dispatchEvent('controller_acti...', Array)
#15 C:\wamp\www\creo\app\code\local\Mage\Core\Controller\Varien\Action.php(551): Mage::dispatchEvent('controller_acti...', Array)
#16 C:\wamp\www\creo\app\code\local\Mage\Core\Controller\Front\Action.php(75): Mage_Core_Controller_Varien_Action->postDispatch()
#17 C:\wamp\www\creo\app\code\local\Mage\Core\Controller\Varien\Action.php(422): Mage_Core_Controller_Front_Action->postDispatch()
#18 C:\wamp\www\creo\app\code\local\Mage\Core\Controller\Varien\Router\Standard.php(250): Mage_Core_Controller_Varien_Action->dispatch('add')
#19 C:\wamp\www\creo\app\code\local\Mage\Core\Controller\Varien\Front.php(172): Mage_Core_Controller_Varien_Router_Standard->match(Object(Mage_Core_Controller_Request_Http))
#20 C:\wamp\www\creo\app\code\core\Mage\Core\Model\App.php(354): Mage_Core_Controller_Varien_Front->dispatch()
#21 C:\wamp\www\creo\app\Mage.php(684): Mage_Core_Model_App->run(Array)
#22 C:\wamp\www\creo\index.php(93): Mage::run('', 'store')
#23 {main}

Next exception 'Zend_Db_Statement_Exception' with message 'SQLSTATE[23000]: Integrity constraint violation: 1062 Duplicate entry '1227' for key 'PRIMARY', query was: INSERT INTO `log_quote` (`quote_id`, `visitor_id`, `created_at`) VALUES (?, ?, '2016-03-10 13:50:00')' in C:\wamp\www\creo\lib\Zend\Db\Statement\Pdo.php:235
Stack trace:
#0 C:\wamp\www\creo\lib\Varien\Db\Statement\Pdo\Mysql.php(110): Zend_Db_Statement_Pdo->_execute(Array)
#1 C:\wamp\www\creo\app\code\core\Zend\Db\Statement.php(291): Varien_Db_Statement_Pdo_Mysql->_execute(Array)
#2 C:\wamp\www\creo\lib\Zend\Db\Adapter\Abstract.php(480): Zend_Db_Statement->execute(Array)
#3 C:\wamp\www\creo\lib\Zend\Db\Adapter\Pdo\Abstract.php(238): Zend_Db_Adapter_Abstract->query('INSERT INTO `lo...', Array)
#4 C:\wamp\www\creo\lib\Varien\Db\Adapter\Pdo\Mysql.php(428): Zend_Db_Adapter_Pdo_Abstract->query('INSERT INTO `lo...', Array)
#5 C:\wamp\www\creo\lib\Zend\Db\Adapter\Abstract.php(576): Varien_Db_Adapter_Pdo_Mysql->query('INSERT INTO `lo...', Array)
#6 C:\wamp\www\creo\app\code\core\Mage\Log\Model\Resource\Visitor.php(261): Zend_Db_Adapter_Abstract->insert('log_quote', Array)
#7 C:\wamp\www\creo\app\code\core\Mage\Log\Model\Resource\Visitor.php(116): Mage_Log_Model_Resource_Visitor->_saveQuoteInfo(Object(Mage_Log_Model_Visitor))
#8 C:\wamp\www\creo\app\code\core\Mage\Core\Model\Resource\Db\Abstract.php(463): Mage_Log_Model_Resource_Visitor->_afterSave(Object(Mage_Log_Model_Visitor))
#9 C:\wamp\www\creo\app\code\core\Mage\Core\Model\Abstract.php(318): Mage_Core_Model_Resource_Db_Abstract->save(Object(Mage_Log_Model_Visitor))
#10 C:\wamp\www\creo\app\code\core\Mage\Log\Model\Visitor.php(207): Mage_Core_Model_Abstract->save()
#11 C:\wamp\www\creo\app\code\core\Mage\Core\Model\App.php(1338): Mage_Log_Model_Visitor->saveByRequest(Object(Varien_Event_Observer))
#12 C:\wamp\www\creo\app\code\core\Mage\Core\Model\App.php(1317): Mage_Core_Model_App->_callObserverMethod(Object(Mage_Log_Model_Visitor), 'saveByRequest', Object(Varien_Event_Observer))
#13 C:\wamp\www\creo\app\Mage.php(448): Mage_Core_Model_App->dispatchEvent('controller_acti...', Array)
#14 C:\wamp\www\creo\app\code\local\Mage\Core\Controller\Varien\Action.php(551): Mage::dispatchEvent('controller_acti...', Array)
#15 C:\wamp\www\creo\app\code\local\Mage\Core\Controller\Front\Action.php(75): Mage_Core_Controller_Varien_Action->postDispatch()
#16 C:\wamp\www\creo\app\code\local\Mage\Core\Controller\Varien\Action.php(422): Mage_Core_Controller_Front_Action->postDispatch()
#17 C:\wamp\www\creo\app\code\local\Mage\Core\Controller\Varien\Router\Standard.php(250): Mage_Core_Controller_Varien_Action->dispatch('add')
#18 C:\wamp\www\creo\app\code\local\Mage\Core\Controller\Varien\Front.php(172): Mage_Core_Controller_Varien_Router_Standard->match(Object(Mage_Core_Controller_Request_Http))
#19 C:\wamp\www\creo\app\code\core\Mage\Core\Model\App.php(354): Mage_Core_Controller_Varien_Front->dispatch()
#20 C:\wamp\www\creo\app\Mage.php(684): Mage_Core_Model_App->run(Array)
#21 C:\wamp\www\creo\index.php(93): Mage::run('', 'store')
#22 {main}
2016-03-24T10:00:33+00:00 ERR (3): 
exception 'PDOException' with message 'SQLSTATE[23000]: Integrity constraint violation: 1062 Duplicate entry '1227' for key 'PRIMARY'' in C:\wamp\www\creo\lib\Zend\Db\Statement\Pdo.php:228
Stack trace:
#0 C:\wamp\www\creo\lib\Zend\Db\Statement\Pdo.php(228): PDOStatement->execute(Array)
#1 C:\wamp\www\creo\lib\Varien\Db\Statement\Pdo\Mysql.php(110): Zend_Db_Statement_Pdo->_execute(Array)
#2 C:\wamp\www\creo\app\code\core\Zend\Db\Statement.php(291): Varien_Db_Statement_Pdo_Mysql->_execute(Array)
#3 C:\wamp\www\creo\lib\Zend\Db\Adapter\Abstract.php(480): Zend_Db_Statement->execute(Array)
#4 C:\wamp\www\creo\lib\Zend\Db\Adapter\Pdo\Abstract.php(238): Zend_Db_Adapter_Abstract->query('INSERT INTO `lo...', Array)
#5 C:\wamp\www\creo\lib\Varien\Db\Adapter\Pdo\Mysql.php(428): Zend_Db_Adapter_Pdo_Abstract->query('INSERT INTO `lo...', Array)
#6 C:\wamp\www\creo\lib\Zend\Db\Adapter\Abstract.php(576): Varien_Db_Adapter_Pdo_Mysql->query('INSERT INTO `lo...', Array)
#7 C:\wamp\www\creo\app\code\core\Mage\Log\Model\Resource\Visitor.php(261): Zend_Db_Adapter_Abstract->insert('log_quote', Array)
#8 C:\wamp\www\creo\app\code\core\Mage\Log\Model\Resource\Visitor.php(116): Mage_Log_Model_Resource_Visitor->_saveQuoteInfo(Object(Mage_Log_Model_Visitor))
#9 C:\wamp\www\creo\app\code\core\Mage\Core\Model\Resource\Db\Abstract.php(463): Mage_Log_Model_Resource_Visitor->_afterSave(Object(Mage_Log_Model_Visitor))
#10 C:\wamp\www\creo\app\code\core\Mage\Core\Model\Abstract.php(318): Mage_Core_Model_Resource_Db_Abstract->save(Object(Mage_Log_Model_Visitor))
#11 C:\wamp\www\creo\app\code\core\Mage\Log\Model\Visitor.php(207): Mage_Core_Model_Abstract->save()
#12 C:\wamp\www\creo\app\code\core\Mage\Core\Model\App.php(1338): Mage_Log_Model_Visitor->saveByRequest(Object(Varien_Event_Observer))
#13 C:\wamp\www\creo\app\code\core\Mage\Core\Model\App.php(1317): Mage_Core_Model_App->_callObserverMethod(Object(Mage_Log_Model_Visitor), 'saveByRequest', Object(Varien_Event_Observer))
#14 C:\wamp\www\creo\app\Mage.php(448): Mage_Core_Model_App->dispatchEvent('controller_acti...', Array)
#15 C:\wamp\www\creo\app\code\local\Mage\Core\Controller\Varien\Action.php(551): Mage::dispatchEvent('controller_acti...', Array)
#16 C:\wamp\www\creo\app\code\local\Mage\Core\Controller\Front\Action.php(75): Mage_Core_Controller_Varien_Action->postDispatch()
#17 C:\wamp\www\creo\app\code\local\Mage\Core\Controller\Varien\Action.php(422): Mage_Core_Controller_Front_Action->postDispatch()
#18 C:\wamp\www\creo\app\code\local\Mage\Core\Controller\Varien\Router\Standard.php(250): Mage_Core_Controller_Varien_Action->dispatch('add')
#19 C:\wamp\www\creo\app\code\local\Mage\Core\Controller\Varien\Front.php(172): Mage_Core_Controller_Varien_Router_Standard->match(Object(Mage_Core_Controller_Request_Http))
#20 C:\wamp\www\creo\app\code\core\Mage\Core\Model\App.php(354): Mage_Core_Controller_Varien_Front->dispatch()
#21 C:\wamp\www\creo\app\Mage.php(684): Mage_Core_Model_App->run(Array)
#22 C:\wamp\www\creo\index.php(93): Mage::run('', 'store')
#23 {main}

Next exception 'Zend_Db_Statement_Exception' with message 'SQLSTATE[23000]: Integrity constraint violation: 1062 Duplicate entry '1227' for key 'PRIMARY', query was: INSERT INTO `log_quote` (`quote_id`, `visitor_id`, `created_at`) VALUES (?, ?, '2016-03-24 10:00:33')' in C:\wamp\www\creo\lib\Zend\Db\Statement\Pdo.php:235
Stack trace:
#0 C:\wamp\www\creo\lib\Varien\Db\Statement\Pdo\Mysql.php(110): Zend_Db_Statement_Pdo->_execute(Array)
#1 C:\wamp\www\creo\app\code\core\Zend\Db\Statement.php(291): Varien_Db_Statement_Pdo_Mysql->_execute(Array)
#2 C:\wamp\www\creo\lib\Zend\Db\Adapter\Abstract.php(480): Zend_Db_Statement->execute(Array)
#3 C:\wamp\www\creo\lib\Zend\Db\Adapter\Pdo\Abstract.php(238): Zend_Db_Adapter_Abstract->query('INSERT INTO `lo...', Array)
#4 C:\wamp\www\creo\lib\Varien\Db\Adapter\Pdo\Mysql.php(428): Zend_Db_Adapter_Pdo_Abstract->query('INSERT INTO `lo...', Array)
#5 C:\wamp\www\creo\lib\Zend\Db\Adapter\Abstract.php(576): Varien_Db_Adapter_Pdo_Mysql->query('INSERT INTO `lo...', Array)
#6 C:\wamp\www\creo\app\code\core\Mage\Log\Model\Resource\Visitor.php(261): Zend_Db_Adapter_Abstract->insert('log_quote', Array)
#7 C:\wamp\www\creo\app\code\core\Mage\Log\Model\Resource\Visitor.php(116): Mage_Log_Model_Resource_Visitor->_saveQuoteInfo(Object(Mage_Log_Model_Visitor))
#8 C:\wamp\www\creo\app\code\core\Mage\Core\Model\Resource\Db\Abstract.php(463): Mage_Log_Model_Resource_Visitor->_afterSave(Object(Mage_Log_Model_Visitor))
#9 C:\wamp\www\creo\app\code\core\Mage\Core\Model\Abstract.php(318): Mage_Core_Model_Resource_Db_Abstract->save(Object(Mage_Log_Model_Visitor))
#10 C:\wamp\www\creo\app\code\core\Mage\Log\Model\Visitor.php(207): Mage_Core_Model_Abstract->save()
#11 C:\wamp\www\creo\app\code\core\Mage\Core\Model\App.php(1338): Mage_Log_Model_Visitor->saveByRequest(Object(Varien_Event_Observer))
#12 C:\wamp\www\creo\app\code\core\Mage\Core\Model\App.php(1317): Mage_Core_Model_App->_callObserverMethod(Object(Mage_Log_Model_Visitor), 'saveByRequest', Object(Varien_Event_Observer))
#13 C:\wamp\www\creo\app\Mage.php(448): Mage_Core_Model_App->dispatchEvent('controller_acti...', Array)
#14 C:\wamp\www\creo\app\code\local\Mage\Core\Controller\Varien\Action.php(551): Mage::dispatchEvent('controller_acti...', Array)
#15 C:\wamp\www\creo\app\code\local\Mage\Core\Controller\Front\Action.php(75): Mage_Core_Controller_Varien_Action->postDispatch()
#16 C:\wamp\www\creo\app\code\local\Mage\Core\Controller\Varien\Action.php(422): Mage_Core_Controller_Front_Action->postDispatch()
#17 C:\wamp\www\creo\app\code\local\Mage\Core\Controller\Varien\Router\Standard.php(250): Mage_Core_Controller_Varien_Action->dispatch('add')
#18 C:\wamp\www\creo\app\code\local\Mage\Core\Controller\Varien\Front.php(172): Mage_Core_Controller_Varien_Router_Standard->match(Object(Mage_Core_Controller_Request_Http))
#19 C:\wamp\www\creo\app\code\core\Mage\Core\Model\App.php(354): Mage_Core_Controller_Varien_Front->dispatch()
#20 C:\wamp\www\creo\app\Mage.php(684): Mage_Core_Model_App->run(Array)
#21 C:\wamp\www\creo\index.php(93): Mage::run('', 'store')
#22 {main}
2016-03-24T14:18:09+00:00 ERR (3): 
exception 'Zend_Mail_Transport_Exception' with message 'Unable to send mail. mail(): Failed to connect to mailserver at &quot;localhost&quot; port 25, verify your &quot;SMTP&quot; and &quot;smtp_port&quot; setting in php.ini or use ini_set()' in C:\wamp\www\creo\lib\Zend\Mail\Transport\Sendmail.php:137
Stack trace:
#0 C:\wamp\www\creo\lib\Zend\Mail\Transport\Abstract.php(348): Zend_Mail_Transport_Sendmail->_sendMail()
#1 C:\wamp\www\creo\lib\Zend\Mail.php(1194): Zend_Mail_Transport_Abstract->send(Object(Zend_Mail))
#2 C:\wamp\www\creo\app\code\local\Mirasvit\EmailSmtp\Model\Email\Template.php(104): Zend_Mail->send()
#3 C:\wamp\www\creo\app\code\local\Mage\Core\Model\Email\Template.php(510): Mirasvit_EmailSmtp_Model_Email_Template->send(Array, Array, Array)
#4 C:\wamp\www\creo\app\code\core\Mage\Core\Model\Email\Template\Mailer.php(84): Mage_Core_Model_Email_Template->sendTransactional('4', 'sales', Array, Array, Array, '2')
#5 C:\wamp\www\creo\app\code\local\Mage\Sales\Model\Order.php(1354): Mage_Core_Model_Email_Template_Mailer->send()
#6 C:\wamp\www\creo\app\code\local\Mage\Sales\Model\Order.php(1370): Mage_Sales_Model_Order->queueNewOrderEmail(true)
#7 C:\wamp\www\creo\app\code\local\FacileCheckout\OnestepCheckout\Model\Type\Geo.php(755): Mage_Sales_Model_Order->sendNewOrderEmail()
#8 C:\wamp\www\creo\app\code\local\FacileCheckout\OnestepCheckout\controllers\IndexController.php(547): FacileCheckout_OnestepCheckout_Model_Type_Geo->saveOrder()
#9 C:\wamp\www\creo\app\code\local\Mage\Core\Controller\Varien\Action.php(418): FacileCheckout_OnestepCheckout_IndexController->saveOrderAction()
#10 C:\wamp\www\creo\app\code\local\Mage\Core\Controller\Varien\Router\Standard.php(250): Mage_Core_Controller_Varien_Action->dispatch('saveOrder')
#11 C:\wamp\www\creo\app\code\local\Mage\Core\Controller\Varien\Front.php(172): Mage_Core_Controller_Varien_Router_Standard->match(Object(Mage_Core_Controller_Request_Http))
#12 C:\wamp\www\creo\app\code\core\Mage\Core\Model\App.php(354): Mage_Core_Controller_Varien_Front->dispatch()
#13 C:\wamp\www\creo\app\Mage.php(684): Mage_Core_Model_App->run(Array)
#14 C:\wamp\www\creo\index.php(93): Mage::run('', 'store')
#15 {main}
2016-03-29T10:40:41+00:00 ERR (3): 
exception 'Zend_Mail_Transport_Exception' with message 'Unable to send mail. mail(): Failed to connect to mailserver at &quot;localhost&quot; port 25, verify your &quot;SMTP&quot; and &quot;smtp_port&quot; setting in php.ini or use ini_set()' in C:\wamp\www\creo\lib\Zend\Mail\Transport\Sendmail.php:137
Stack trace:
#0 C:\wamp\www\creo\lib\Zend\Mail\Transport\Abstract.php(348): Zend_Mail_Transport_Sendmail->_sendMail()
#1 C:\wamp\www\creo\lib\Zend\Mail.php(1194): Zend_Mail_Transport_Abstract->send(Object(Zend_Mail))
#2 C:\wamp\www\creo\app\code\local\Mirasvit\EmailSmtp\Model\Email\Template.php(104): Zend_Mail->send()
#3 C:\wamp\www\creo\app\code\local\Mage\Core\Model\Email\Template.php(510): Mirasvit_EmailSmtp_Model_Email_Template->send(Array, Array, Array)
#4 C:\wamp\www\creo\app\code\core\Mage\Core\Model\Email\Template\Mailer.php(84): Mage_Core_Model_Email_Template->sendTransactional('4', 'sales', Array, Array, Array, '2')
#5 C:\wamp\www\creo\app\code\local\Mage\Sales\Model\Order.php(1354): Mage_Core_Model_Email_Template_Mailer->send()
#6 C:\wamp\www\creo\app\code\local\Mage\Sales\Model\Order.php(1370): Mage_Sales_Model_Order->queueNewOrderEmail(true)
#7 C:\wamp\www\creo\app\code\local\FacileCheckout\OnestepCheckout\Model\Type\Geo.php(755): Mage_Sales_Model_Order->sendNewOrderEmail()
#8 C:\wamp\www\creo\app\code\local\FacileCheckout\OnestepCheckout\controllers\IndexController.php(547): FacileCheckout_OnestepCheckout_Model_Type_Geo->saveOrder()
#9 C:\wamp\www\creo\app\code\local\Mage\Core\Controller\Varien\Action.php(418): FacileCheckout_OnestepCheckout_IndexController->saveOrderAction()
#10 C:\wamp\www\creo\app\code\local\Mage\Core\Controller\Varien\Router\Standard.php(250): Mage_Core_Controller_Varien_Action->dispatch('saveOrder')
#11 C:\wamp\www\creo\app\code\local\Mage\Core\Controller\Varien\Front.php(172): Mage_Core_Controller_Varien_Router_Standard->match(Object(Mage_Core_Controller_Request_Http))
#12 C:\wamp\www\creo\app\code\core\Mage\Core\Model\App.php(354): Mage_Core_Controller_Varien_Front->dispatch()
#13 C:\wamp\www\creo\app\Mage.php(684): Mage_Core_Model_App->run(Array)
#14 C:\wamp\www\creo\index.php(93): Mage::run('', 'store')
#15 {main}
2016-04-04T08:18:44+00:00 ERR (3): 
exception 'Mage_Core_Exception' with message '    (: ' in C:\wamp\www\creo\app\Mage.php:595
Stack trace:
#0 C:\wamp\www\creo\app\code\core\Mage\Core\Model\Layout.php(495): Mage::throwException('?????? ????????...')
#1 C:\wamp\www\creo\app\code\core\Mage\Core\Model\Layout.php(437): Mage_Core_Model_Layout->_getBlockInstance('', Array)
#2 C:\wamp\www\creo\app\code\local\Mana\Filters\Block\View.php(86): Mage_Core_Model_Layout->createBlock('', 'm_universal_cat...', Array)
#3 C:\wamp\www\creo\app\code\local\Mana\Core\Helper\Layout.php(31): Mana_Filters_Block_View->delayedPrepareLayout()
#4 C:\wamp\www\creo\app\code\local\Mana\Core\Model\Observer.php(96): Mana_Core_Helper_Layout->prepareDelayedLayoutBlocks()
#5 C:\wamp\www\creo\app\code\core\Mage\Core\Model\App.php(1338): Mana_Core_Model_Observer->postProcessBlocks(Object(Varien_Event_Observer))
#6 C:\wamp\www\creo\app\code\core\Mage\Core\Model\App.php(1317): Mage_Core_Model_App->_callObserverMethod(Object(Mana_Core_Model_Observer), 'postProcessBloc...', Object(Varien_Event_Observer))
#7 C:\wamp\www\creo\app\Mage.php(448): Mage_Core_Model_App->dispatchEvent('controller_acti...', Array)
#8 C:\wamp\www\creo\app\code\local\Mage\Core\Controller\Varien\Action.php(351): Mage::dispatchEvent('controller_acti...', Array)
#9 C:\wamp\www\creo\app\code\core\Mage\Catalog\controllers\CategoryController.php(148): Mage_Core_Controller_Varien_Action->generateLayoutBlocks()
#10 C:\wamp\www\creo\app\code\local\Mage\Core\Controller\Varien\Action.php(418): Mage_Catalog_CategoryController->viewAction()
#11 C:\wamp\www\creo\app\code\local\Mage\Core\Controller\Varien\Router\Standard.php(250): Mage_Core_Controller_Varien_Action->dispatch('view')
#12 C:\wamp\www\creo\app\code\local\Mage\Core\Controller\Varien\Front.php(172): Mage_Core_Controller_Varien_Router_Standard->match(Object(Mage_Core_Controller_Request_Http))
#13 C:\wamp\www\creo\app\code\core\Mage\Core\Model\App.php(354): Mage_Core_Controller_Varien_Front->dispatch()
#14 C:\wamp\www\creo\app\Mage.php(684): Mage_Core_Model_App->run(Array)
#15 C:\wamp\www\creo\index.php(93): Mage::run('', 'store')
#16 {main}
2016-04-04T08:19:15+00:00 ERR (3): 
exception 'Mage_Core_Exception' with message '    (: ' in C:\wamp\www\creo\app\Mage.php:595
Stack trace:
#0 C:\wamp\www\creo\app\code\core\Mage\Core\Model\Layout.php(495): Mage::throwException('?????? ????????...')
#1 C:\wamp\www\creo\app\code\core\Mage\Core\Model\Layout.php(437): Mage_Core_Model_Layout->_getBlockInstance('', Array)
#2 C:\wamp\www\creo\app\code\local\Mana\Filters\Block\View.php(86): Mage_Core_Model_Layout->createBlock('', 'm_universal_cat...', Array)
#3 C:\wamp\www\creo\app\code\local\Mana\Core\Helper\Layout.php(31): Mana_Filters_Block_View->delayedPrepareLayout()
#4 C:\wamp\www\creo\app\code\local\Mana\Core\Model\Observer.php(96): Mana_Core_Helper_Layout->prepareDelayedLayoutBlocks()
#5 C:\wamp\www\creo\app\code\core\Mage\Core\Model\App.php(1338): Mana_Core_Model_Observer->postProcessBlocks(Object(Varien_Event_Observer))
#6 C:\wamp\www\creo\app\code\core\Mage\Core\Model\App.php(1317): Mage_Core_Model_App->_callObserverMethod(Object(Mana_Core_Model_Observer), 'postProcessBloc...', Object(Varien_Event_Observer))
#7 C:\wamp\www\creo\app\Mage.php(448): Mage_Core_Model_App->dispatchEvent('controller_acti...', Array)
#8 C:\wamp\www\creo\app\code\local\Mage\Core\Controller\Varien\Action.php(351): Mage::dispatchEvent('controller_acti...', Array)
#9 C:\wamp\www\creo\app\code\core\Mage\Catalog\controllers\CategoryController.php(148): Mage_Core_Controller_Varien_Action->generateLayoutBlocks()
#10 C:\wamp\www\creo\app\code\local\Mage\Core\Controller\Varien\Action.php(418): Mage_Catalog_CategoryController->viewAction()
#11 C:\wamp\www\creo\app\code\local\Mage\Core\Controller\Varien\Router\Standard.php(250): Mage_Core_Controller_Varien_Action->dispatch('view')
#12 C:\wamp\www\creo\app\code\local\Mage\Core\Controller\Varien\Front.php(172): Mage_Core_Controller_Varien_Router_Standard->match(Object(Mage_Core_Controller_Request_Http))
#13 C:\wamp\www\creo\app\code\core\Mage\Core\Model\App.php(354): Mage_Core_Controller_Varien_Front->dispatch()
#14 C:\wamp\www\creo\app\Mage.php(684): Mage_Core_Model_App->run(Array)
#15 C:\wamp\www\creo\index.php(93): Mage::run('', 'store')
#16 {main}
2016-04-04T08:26:04+00:00 ERR (3): 
exception 'Mage_Core_Exception' with message '    (: ' in C:\wamp\www\creo\app\Mage.php:595
Stack trace:
#0 C:\wamp\www\creo\app\code\core\Mage\Core\Model\Layout.php(495): Mage::throwException('?????? ????????...')
#1 C:\wamp\www\creo\app\code\core\Mage\Core\Model\Layout.php(437): Mage_Core_Model_Layout->_getBlockInstance('', Array)
#2 C:\wamp\www\creo\app\code\local\Mana\Filters\Block\View.php(86): Mage_Core_Model_Layout->createBlock('', 'm_universal_cat...', Array)
#3 C:\wamp\www\creo\app\code\local\Mana\Core\Helper\Layout.php(31): Mana_Filters_Block_View->delayedPrepareLayout()
#4 C:\wamp\www\creo\app\code\local\Mana\Core\Model\Observer.php(96): Mana_Core_Helper_Layout->prepareDelayedLayoutBlocks()
#5 C:\wamp\www\creo\app\code\core\Mage\Core\Model\App.php(1339): Mana_Core_Model_Observer->postProcessBlocks(Object(Varien_Event_Observer))
#6 C:\wamp\www\creo\app\code\core\Mage\Core\Model\App.php(1318): Mage_Core_Model_App->_callObserverMethod(Object(Mana_Core_Model_Observer), 'postProcessBloc...', Object(Varien_Event_Observer))
#7 C:\wamp\www\creo\app\Mage.php(448): Mage_Core_Model_App->dispatchEvent('controller_acti...', Array)
#8 C:\wamp\www\creo\app\code\local\Mage\Core\Controller\Varien\Action.php(351): Mage::dispatchEvent('controller_acti...', Array)
#9 C:\wamp\www\creo\app\code\core\Mage\Catalog\controllers\CategoryController.php(148): Mage_Core_Controller_Varien_Action->generateLayoutBlocks()
#10 C:\wamp\www\creo\app\code\local\Mage\Core\Controller\Varien\Action.php(418): Mage_Catalog_CategoryController->viewAction()
#11 C:\wamp\www\creo\app\code\local\Mage\Core\Controller\Varien\Router\Standard.php(250): Mage_Core_Controller_Varien_Action->dispatch('view')
#12 C:\wamp\www\creo\app\code\local\Mage\Core\Controller\Varien\Front.php(172): Mage_Core_Controller_Varien_Router_Standard->match(Object(Mage_Core_Controller_Request_Http))
#13 C:\wamp\www\creo\app\code\core\Mage\Core\Model\App.php(354): Mage_Core_Controller_Varien_Front->dispatch()
#14 C:\wamp\www\creo\app\Mage.php(684): Mage_Core_Model_App->run(Array)
#15 C:\wamp\www\creo\index.php(93): Mage::run('', 'store')
#16 {main}
2016-04-05T08:23:12+00:00 ERR (3): 
exception 'Zend_Mail_Transport_Exception' with message 'Unable to send mail. mail(): Failed to connect to mailserver at &quot;localhost&quot; port 25, verify your &quot;SMTP&quot; and &quot;smtp_port&quot; setting in php.ini or use ini_set()' in C:\wamp\www\creo\lib\Zend\Mail\Transport\Sendmail.php:137
Stack trace:
#0 C:\wamp\www\creo\lib\Zend\Mail\Transport\Abstract.php(348): Zend_Mail_Transport_Sendmail->_sendMail()
#1 C:\wamp\www\creo\lib\Zend\Mail.php(1194): Zend_Mail_Transport_Abstract->send(Object(Zend_Mail))
#2 C:\wamp\www\creo\app\code\local\Mirasvit\EmailSmtp\Model\Email\Template.php(104): Zend_Mail->send()
#3 C:\wamp\www\creo\app\code\local\Mage\Core\Model\Email\Template.php(510): Mirasvit_EmailSmtp_Model_Email_Template->send(Array, Array, Array)
#4 C:\wamp\www\creo\app\code\core\Mage\Core\Model\Email\Template\Mailer.php(84): Mage_Core_Model_Email_Template->sendTransactional('4', 'sales', Array, Array, Array, '2')
#5 C:\wamp\www\creo\app\code\local\Mage\Sales\Model\Order.php(1354): Mage_Core_Model_Email_Template_Mailer->send()
#6 C:\wamp\www\creo\app\code\local\Mage\Sales\Model\Order.php(1370): Mage_Sales_Model_Order->queueNewOrderEmail(true)
#7 C:\wamp\www\creo\app\code\local\FacileCheckout\OnestepCheckout\Model\Type\Geo.php(755): Mage_Sales_Model_Order->sendNewOrderEmail()
#8 C:\wamp\www\creo\app\code\local\FacileCheckout\OnestepCheckout\controllers\IndexController.php(547): FacileCheckout_OnestepCheckout_Model_Type_Geo->saveOrder()
#9 C:\wamp\www\creo\app\code\local\Mage\Core\Controller\Varien\Action.php(418): FacileCheckout_OnestepCheckout_IndexController->saveOrderAction()
#10 C:\wamp\www\creo\app\code\local\Mage\Core\Controller\Varien\Router\Standard.php(250): Mage_Core_Controller_Varien_Action->dispatch('saveOrder')
#11 C:\wamp\www\creo\app\code\local\Mage\Core\Controller\Varien\Front.php(172): Mage_Core_Controller_Varien_Router_Standard->match(Object(Mage_Core_Controller_Request_Http))
#12 C:\wamp\www\creo\app\code\core\Mage\Core\Model\App.php(354): Mage_Core_Controller_Varien_Front->dispatch()
#13 C:\wamp\www\creo\app\Mage.php(684): Mage_Core_Model_App->run(Array)
#14 C:\wamp\www\creo\index.php(93): Mage::run('', 'store')
#15 {main}
2016-04-06T12:17:22+00:00 ERR (3): 
exception 'Zend_Mail_Transport_Exception' with message 'Unable to send mail. mail(): Failed to connect to mailserver at &quot;localhost&quot; port 25, verify your &quot;SMTP&quot; and &quot;smtp_port&quot; setting in php.ini or use ini_set()' in C:\wamp\www\creo\lib\Zend\Mail\Transport\Sendmail.php:137
Stack trace:
#0 C:\wamp\www\creo\lib\Zend\Mail\Transport\Abstract.php(348): Zend_Mail_Transport_Sendmail->_sendMail()
#1 C:\wamp\www\creo\lib\Zend\Mail.php(1194): Zend_Mail_Transport_Abstract->send(Object(Zend_Mail))
#2 C:\wamp\www\creo\app\code\local\Mirasvit\EmailSmtp\Model\Email\Template.php(104): Zend_Mail->send()
#3 C:\wamp\www\creo\app\code\local\Mage\Core\Model\Email\Template.php(510): Mirasvit_EmailSmtp_Model_Email_Template->send(Array, Array, Array)
#4 C:\wamp\www\creo\app\code\core\Mage\Core\Model\Email\Template\Mailer.php(84): Mage_Core_Model_Email_Template->sendTransactional('4', 'sales', Array, Array, Array, '2')
#5 C:\wamp\www\creo\app\code\local\Mage\Sales\Model\Order.php(1354): Mage_Core_Model_Email_Template_Mailer->send()
#6 C:\wamp\www\creo\app\code\local\Mage\Sales\Model\Order.php(1370): Mage_Sales_Model_Order->queueNewOrderEmail(true)
#7 C:\wamp\www\creo\app\code\local\FacileCheckout\OnestepCheckout\Model\Type\Geo.php(755): Mage_Sales_Model_Order->sendNewOrderEmail()
#8 C:\wamp\www\creo\app\code\local\FacileCheckout\OnestepCheckout\controllers\IndexController.php(547): FacileCheckout_OnestepCheckout_Model_Type_Geo->saveOrder()
#9 C:\wamp\www\creo\app\code\local\Mage\Core\Controller\Varien\Action.php(418): FacileCheckout_OnestepCheckout_IndexController->saveOrderAction()
#10 C:\wamp\www\creo\app\code\local\Mage\Core\Controller\Varien\Router\Standard.php(250): Mage_Core_Controller_Varien_Action->dispatch('saveOrder')
#11 C:\wamp\www\creo\app\code\local\Mage\Core\Controller\Varien\Front.php(172): Mage_Core_Controller_Varien_Router_Standard->match(Object(Mage_Core_Controller_Request_Http))
#12 C:\wamp\www\creo\app\code\core\Mage\Core\Model\App.php(354): Mage_Core_Controller_Varien_Front->dispatch()
#13 C:\wamp\www\creo\app\Mage.php(684): Mage_Core_Model_App->run(Array)
#14 C:\wamp\www\creo\index.php(93): Mage::run('', 'store')
#15 {main}
2016-04-14T10:41:57+00:00 ERR (3): 
exception 'Zend_Mail_Transport_Exception' with message 'Unable to send mail. mail(): Failed to connect to mailserver at &quot;localhost&quot; port 25, verify your &quot;SMTP&quot; and &quot;smtp_port&quot; setting in php.ini or use ini_set()' in C:\wamp\www\creo\lib\Zend\Mail\Transport\Sendmail.php:137
Stack trace:
#0 C:\wamp\www\creo\lib\Zend\Mail\Transport\Abstract.php(348): Zend_Mail_Transport_Sendmail->_sendMail()
#1 C:\wamp\www\creo\lib\Zend\Mail.php(1194): Zend_Mail_Transport_Abstract->send(Object(Zend_Mail))
#2 C:\wamp\www\creo\app\code\local\Mirasvit\EmailSmtp\Model\Email\Template.php(104): Zend_Mail->send()
#3 C:\wamp\www\creo\app\code\local\Mage\Core\Model\Email\Template.php(510): Mirasvit_EmailSmtp_Model_Email_Template->send(Array, Array, Array)
#4 C:\wamp\www\creo\app\code\core\Mage\Core\Model\Email\Template\Mailer.php(84): Mage_Core_Model_Email_Template->sendTransactional('4', 'sales', Array, Array, Array, '2')
#5 C:\wamp\www\creo\app\code\local\Mage\Sales\Model\Order.php(1354): Mage_Core_Model_Email_Template_Mailer->send()
#6 C:\wamp\www\creo\app\code\local\Mage\Sales\Model\Order.php(1370): Mage_Sales_Model_Order->queueNewOrderEmail(true)
#7 C:\wamp\www\creo\app\code\local\FacileCheckout\OnestepCheckout\Model\Type\Geo.php(755): Mage_Sales_Model_Order->sendNewOrderEmail()
#8 C:\wamp\www\creo\app\code\local\FacileCheckout\OnestepCheckout\controllers\IndexController.php(547): FacileCheckout_OnestepCheckout_Model_Type_Geo->saveOrder()
#9 C:\wamp\www\creo\app\code\local\Mage\Core\Controller\Varien\Action.php(418): FacileCheckout_OnestepCheckout_IndexController->saveOrderAction()
#10 C:\wamp\www\creo\app\code\local\Mage\Core\Controller\Varien\Router\Standard.php(250): Mage_Core_Controller_Varien_Action->dispatch('saveOrder')
#11 C:\wamp\www\creo\app\code\local\Mage\Core\Controller\Varien\Front.php(172): Mage_Core_Controller_Varien_Router_Standard->match(Object(Mage_Core_Controller_Request_Http))
#12 C:\wamp\www\creo\app\code\core\Mage\Core\Model\App.php(354): Mage_Core_Controller_Varien_Front->dispatch()
#13 C:\wamp\www\creo\app\Mage.php(684): Mage_Core_Model_App->run(Array)
#14 C:\wamp\www\creo\index.php(93): Mage::run('', 'store')
#15 {main}
2016-04-18T09:58:23+00:00 ERR (3): 
exception 'Zend_Mail_Transport_Exception' with message 'Unable to send mail. mail(): Failed to connect to mailserver at &quot;localhost&quot; port 25, verify your &quot;SMTP&quot; and &quot;smtp_port&quot; setting in php.ini or use ini_set()' in C:\wamp\www\creo\lib\Zend\Mail\Transport\Sendmail.php:137
Stack trace:
#0 C:\wamp\www\creo\lib\Zend\Mail\Transport\Abstract.php(348): Zend_Mail_Transport_Sendmail->_sendMail()
#1 C:\wamp\www\creo\lib\Zend\Mail.php(1194): Zend_Mail_Transport_Abstract->send(Object(Zend_Mail))
#2 C:\wamp\www\creo\app\code\local\Mirasvit\EmailSmtp\Model\Email\Template.php(104): Zend_Mail->send()
#3 C:\wamp\www\creo\app\code\local\Mage\Core\Model\Email\Template.php(510): Mirasvit_EmailSmtp_Model_Email_Template->send('nzsiddiqui@gmai...', NULL, Array)
#4 C:\wamp\www\creo\app\code\local\Mage\Newsletter\Model\Subscriber.php(560): Mage_Core_Model_Email_Template->sendTransactional('newsletter_subs...', 'general', 'nzsiddiqui@gmai...', NULL, Array)
#5 C:\wamp\www\creo\app\code\local\Mage\Newsletter\Model\Subscriber.php(359): Mage_Newsletter_Model_Subscriber->sendConfirmationSuccessEmail()
#6 C:\wamp\www\creo\app\code\local\Mage\Newsletter\controllers\SubscriberController.php(90): Mage_Newsletter_Model_Subscriber->subscribe('nzsiddiqui@gmai...')
#7 C:\wamp\www\creo\app\code\local\Mage\Core\Controller\Varien\Action.php(418): Mage_Newsletter_SubscriberController->newAction()
#8 C:\wamp\www\creo\app\code\local\Mage\Core\Controller\Varien\Router\Standard.php(250): Mage_Core_Controller_Varien_Action->dispatch('new')
#9 C:\wamp\www\creo\app\code\local\Mage\Core\Controller\Varien\Front.php(172): Mage_Core_Controller_Varien_Router_Standard->match(Object(Mage_Core_Controller_Request_Http))
#10 C:\wamp\www\creo\app\code\core\Mage\Core\Model\App.php(354): Mage_Core_Controller_Varien_Front->dispatch()
#11 C:\wamp\www\creo\app\Mage.php(684): Mage_Core_Model_App->run(Array)
#12 C:\wamp\www\creo\index.php(93): Mage::run('', 'store')
#13 {main}
2016-04-19T14:14:34+00:00 ERR (3): 
exception 'Zend_Mail_Transport_Exception' with message 'Unable to send mail. mail(): Failed to connect to mailserver at &quot;localhost&quot; port 25, verify your &quot;SMTP&quot; and &quot;smtp_port&quot; setting in php.ini or use ini_set()' in C:\wamp\www\creo\lib\Zend\Mail\Transport\Sendmail.php:137
Stack trace:
#0 C:\wamp\www\creo\lib\Zend\Mail\Transport\Abstract.php(348): Zend_Mail_Transport_Sendmail->_sendMail()
#1 C:\wamp\www\creo\lib\Zend\Mail.php(1194): Zend_Mail_Transport_Abstract->send(Object(Zend_Mail))
#2 C:\wamp\www\creo\app\code\local\Mirasvit\EmailSmtp\Model\Email\Template.php(104): Zend_Mail->send()
#3 C:\wamp\www\creo\app\code\local\Mage\Core\Model\Email\Template.php(510): Mirasvit_EmailSmtp_Model_Email_Template->send(Array, Array, Array)
#4 C:\wamp\www\creo\app\code\core\Mage\Core\Model\Email\Template\Mailer.php(84): Mage_Core_Model_Email_Template->sendTransactional('4', 'sales', Array, Array, Array, '2')
#5 C:\wamp\www\creo\app\code\local\Mage\Sales\Model\Order.php(1354): Mage_Core_Model_Email_Template_Mailer->send()
#6 C:\wamp\www\creo\app\code\local\Mage\Sales\Model\Order.php(1370): Mage_Sales_Model_Order->queueNewOrderEmail(true)
#7 C:\wamp\www\creo\app\code\local\FacileCheckout\OnestepCheckout\Model\Type\Geo.php(755): Mage_Sales_Model_Order->sendNewOrderEmail()
#8 C:\wamp\www\creo\app\code\local\FacileCheckout\OnestepCheckout\controllers\IndexController.php(547): FacileCheckout_OnestepCheckout_Model_Type_Geo->saveOrder()
#9 C:\wamp\www\creo\app\code\local\Mage\Core\Controller\Varien\Action.php(418): FacileCheckout_OnestepCheckout_IndexController->saveOrderAction()
#10 C:\wamp\www\creo\app\code\local\Mage\Core\Controller\Varien\Router\Standard.php(250): Mage_Core_Controller_Varien_Action->dispatch('saveOrder')
#11 C:\wamp\www\creo\app\code\local\Mage\Core\Controller\Varien\Front.php(172): Mage_Core_Controller_Varien_Router_Standard->match(Object(Mage_Core_Controller_Request_Http))
#12 C:\wamp\www\creo\app\code\core\Mage\Core\Model\App.php(354): Mage_Core_Controller_Varien_Front->dispatch()
#13 C:\wamp\www\creo\app\Mage.php(684): Mage_Core_Model_App->run(Array)
#14 C:\wamp\www\creo\index.php(93): Mage::run('', 'store')
#15 {main}
2016-04-20T13:51:24+00:00 ERR (3): 
exception 'Zend_Mail_Transport_Exception' with message 'Unable to send mail. mail(): Failed to connect to mailserver at &quot;localhost&quot; port 25, verify your &quot;SMTP&quot; and &quot;smtp_port&quot; setting in php.ini or use ini_set()' in C:\wamp\www\creo\lib\Zend\Mail\Transport\Sendmail.php:137
Stack trace:
#0 C:\wamp\www\creo\lib\Zend\Mail\Transport\Abstract.php(348): Zend_Mail_Transport_Sendmail->_sendMail()
#1 C:\wamp\www\creo\lib\Zend\Mail.php(1194): Zend_Mail_Transport_Abstract->send(Object(Zend_Mail))
#2 C:\wamp\www\creo\app\code\local\Mirasvit\EmailSmtp\Model\Email\Template.php(104): Zend_Mail->send()
#3 C:\wamp\www\creo\app\code\local\Mage\Core\Model\Email\Template.php(510): Mirasvit_EmailSmtp_Model_Email_Template->send(Array, Array, Array)
#4 C:\wamp\www\creo\app\code\core\Mage\Core\Model\Email\Template\Mailer.php(84): Mage_Core_Model_Email_Template->sendTransactional('4', 'sales', Array, Array, Array, '2')
#5 C:\wamp\www\creo\app\code\local\Mage\Sales\Model\Order.php(1354): Mage_Core_Model_Email_Template_Mailer->send()
#6 C:\wamp\www\creo\app\code\local\Mage\Sales\Model\Order.php(1370): Mage_Sales_Model_Order->queueNewOrderEmail(true)
#7 C:\wamp\www\creo\app\code\local\FacileCheckout\OnestepCheckout\Model\Type\Geo.php(755): Mage_Sales_Model_Order->sendNewOrderEmail()
#8 C:\wamp\www\creo\app\code\local\FacileCheckout\OnestepCheckout\controllers\IndexController.php(547): FacileCheckout_OnestepCheckout_Model_Type_Geo->saveOrder()
#9 C:\wamp\www\creo\app\code\local\Mage\Core\Controller\Varien\Action.php(418): FacileCheckout_OnestepCheckout_IndexController->saveOrderAction()
#10 C:\wamp\www\creo\app\code\local\Mage\Core\Controller\Varien\Router\Standard.php(250): Mage_Core_Controller_Varien_Action->dispatch('saveOrder')
#11 C:\wamp\www\creo\app\code\local\Mage\Core\Controller\Varien\Front.php(172): Mage_Core_Controller_Varien_Router_Standard->match(Object(Mage_Core_Controller_Request_Http))
#12 C:\wamp\www\creo\app\code\core\Mage\Core\Model\App.php(354): Mage_Core_Controller_Varien_Front->dispatch()
#13 C:\wamp\www\creo\app\Mage.php(684): Mage_Core_Model_App->run(Array)
#14 C:\wamp\www\creo\index.php(93): Mage::run('', 'store')
#15 {main}
