2016-09-21T07:07:35+00:00 ERR (3): Warning: simplexml_load_string(): Entity: line 21: parser error : Opening and ending tag mismatch: modules line 9 and config  in C:\wamp\www\creo\lib\Varien\Simplexml\Config.php on line 510
2016-09-21T07:07:35+00:00 ERR (3): Warning: simplexml_load_string(): &lt;/config&gt;  in C:\wamp\www\creo\lib\Varien\Simplexml\Config.php on line 510
2016-09-21T07:07:35+00:00 ERR (3): Warning: simplexml_load_string():          ^  in C:\wamp\www\creo\lib\Varien\Simplexml\Config.php on line 510
2016-09-21T07:07:35+00:00 ERR (3): Warning: simplexml_load_string(): Entity: line 21: parser error : Premature end of data in tag modules line 5  in C:\wamp\www\creo\lib\Varien\Simplexml\Config.php on line 510
2016-09-21T07:07:35+00:00 ERR (3): Warning: simplexml_load_string(): &lt;/config&gt;  in C:\wamp\www\creo\lib\Varien\Simplexml\Config.php on line 510
2016-09-21T07:07:35+00:00 ERR (3): Warning: simplexml_load_string():          ^  in C:\wamp\www\creo\lib\Varien\Simplexml\Config.php on line 510
2016-09-21T07:07:35+00:00 ERR (3): Warning: simplexml_load_string(): Entity: line 21: parser error : Premature end of data in tag config line 3  in C:\wamp\www\creo\lib\Varien\Simplexml\Config.php on line 510
2016-09-21T07:07:35+00:00 ERR (3): Warning: simplexml_load_string(): &lt;/config&gt;  in C:\wamp\www\creo\lib\Varien\Simplexml\Config.php on line 510
2016-09-21T07:07:35+00:00 ERR (3): Warning: simplexml_load_string():          ^  in C:\wamp\www\creo\lib\Varien\Simplexml\Config.php on line 510
2016-09-21T07:09:07+00:00 ERR (3): Warning: simplexml_load_string(): Entity: line 21: parser error : Opening and ending tag mismatch: modules line 9 and config  in C:\wamp\www\creo\lib\Varien\Simplexml\Config.php on line 510
2016-09-21T07:09:07+00:00 ERR (3): Warning: simplexml_load_string(): &lt;/config&gt;  in C:\wamp\www\creo\lib\Varien\Simplexml\Config.php on line 510
2016-09-21T07:09:07+00:00 ERR (3): Warning: simplexml_load_string():          ^  in C:\wamp\www\creo\lib\Varien\Simplexml\Config.php on line 510
2016-09-21T07:09:07+00:00 ERR (3): Warning: simplexml_load_string(): Entity: line 21: parser error : Premature end of data in tag modules line 5  in C:\wamp\www\creo\lib\Varien\Simplexml\Config.php on line 510
2016-09-21T07:09:07+00:00 ERR (3): Warning: simplexml_load_string(): &lt;/config&gt;  in C:\wamp\www\creo\lib\Varien\Simplexml\Config.php on line 510
2016-09-21T07:09:07+00:00 ERR (3): Warning: simplexml_load_string():          ^  in C:\wamp\www\creo\lib\Varien\Simplexml\Config.php on line 510
2016-09-21T07:09:07+00:00 ERR (3): Warning: simplexml_load_string(): Entity: line 21: parser error : Premature end of data in tag config line 3  in C:\wamp\www\creo\lib\Varien\Simplexml\Config.php on line 510
2016-09-21T07:09:07+00:00 ERR (3): Warning: simplexml_load_string(): &lt;/config&gt;  in C:\wamp\www\creo\lib\Varien\Simplexml\Config.php on line 510
2016-09-21T07:09:07+00:00 ERR (3): Warning: simplexml_load_string():          ^  in C:\wamp\www\creo\lib\Varien\Simplexml\Config.php on line 510
2016-09-21T07:10:30+00:00 ERR (3): Warning: simplexml_load_string(): Entity: line 21: parser error : Opening and ending tag mismatch: modules line 9 and config  in C:\wamp\www\creo\lib\Varien\Simplexml\Config.php on line 510
2016-09-21T07:10:30+00:00 ERR (3): Warning: simplexml_load_string(): &lt;/config&gt;  in C:\wamp\www\creo\lib\Varien\Simplexml\Config.php on line 510
2016-09-21T07:10:30+00:00 ERR (3): Warning: simplexml_load_string():          ^  in C:\wamp\www\creo\lib\Varien\Simplexml\Config.php on line 510
2016-09-21T07:10:30+00:00 ERR (3): Warning: simplexml_load_string(): Entity: line 21: parser error : Premature end of data in tag modules line 5  in C:\wamp\www\creo\lib\Varien\Simplexml\Config.php on line 510
2016-09-21T07:10:30+00:00 ERR (3): Warning: simplexml_load_string(): &lt;/config&gt;  in C:\wamp\www\creo\lib\Varien\Simplexml\Config.php on line 510
2016-09-21T07:10:30+00:00 ERR (3): Warning: simplexml_load_string():          ^  in C:\wamp\www\creo\lib\Varien\Simplexml\Config.php on line 510
2016-09-21T07:10:30+00:00 ERR (3): Warning: simplexml_load_string(): Entity: line 21: parser error : Premature end of data in tag config line 3  in C:\wamp\www\creo\lib\Varien\Simplexml\Config.php on line 510
2016-09-21T07:10:30+00:00 ERR (3): Warning: simplexml_load_string(): &lt;/config&gt;  in C:\wamp\www\creo\lib\Varien\Simplexml\Config.php on line 510
2016-09-21T07:10:30+00:00 ERR (3): Warning: simplexml_load_string():          ^  in C:\wamp\www\creo\lib\Varien\Simplexml\Config.php on line 510
2016-09-21T07:10:36+00:00 ERR (3): Warning: simplexml_load_string(): Entity: line 21: parser error : Opening and ending tag mismatch: modules line 9 and config  in C:\wamp\www\creo\lib\Varien\Simplexml\Config.php on line 510
2016-09-21T07:10:36+00:00 ERR (3): Warning: simplexml_load_string(): &lt;/config&gt;  in C:\wamp\www\creo\lib\Varien\Simplexml\Config.php on line 510
2016-09-21T07:10:36+00:00 ERR (3): Warning: simplexml_load_string():          ^  in C:\wamp\www\creo\lib\Varien\Simplexml\Config.php on line 510
2016-09-21T07:10:36+00:00 ERR (3): Warning: simplexml_load_string(): Entity: line 21: parser error : Premature end of data in tag modules line 5  in C:\wamp\www\creo\lib\Varien\Simplexml\Config.php on line 510
2016-09-21T07:10:36+00:00 ERR (3): Warning: simplexml_load_string(): &lt;/config&gt;  in C:\wamp\www\creo\lib\Varien\Simplexml\Config.php on line 510
2016-09-21T07:10:36+00:00 ERR (3): Warning: simplexml_load_string():          ^  in C:\wamp\www\creo\lib\Varien\Simplexml\Config.php on line 510
2016-09-21T07:10:36+00:00 ERR (3): Warning: simplexml_load_string(): Entity: line 21: parser error : Premature end of data in tag config line 3  in C:\wamp\www\creo\lib\Varien\Simplexml\Config.php on line 510
2016-09-21T07:10:36+00:00 ERR (3): Warning: simplexml_load_string(): &lt;/config&gt;  in C:\wamp\www\creo\lib\Varien\Simplexml\Config.php on line 510
2016-09-21T07:10:36+00:00 ERR (3): Warning: simplexml_load_string():          ^  in C:\wamp\www\creo\lib\Varien\Simplexml\Config.php on line 510
2016-09-21T07:10:43+00:00 ERR (3): Warning: simplexml_load_string(): Entity: line 21: parser error : Opening and ending tag mismatch: modules line 9 and config  in C:\wamp\www\creo\lib\Varien\Simplexml\Config.php on line 510
2016-09-21T07:10:43+00:00 ERR (3): Warning: simplexml_load_string(): &lt;/config&gt;  in C:\wamp\www\creo\lib\Varien\Simplexml\Config.php on line 510
2016-09-21T07:10:43+00:00 ERR (3): Warning: simplexml_load_string():          ^  in C:\wamp\www\creo\lib\Varien\Simplexml\Config.php on line 510
2016-09-21T07:10:43+00:00 ERR (3): Warning: simplexml_load_string(): Entity: line 21: parser error : Premature end of data in tag modules line 5  in C:\wamp\www\creo\lib\Varien\Simplexml\Config.php on line 510
2016-09-21T07:10:43+00:00 ERR (3): Warning: simplexml_load_string(): &lt;/config&gt;  in C:\wamp\www\creo\lib\Varien\Simplexml\Config.php on line 510
2016-09-21T07:10:43+00:00 ERR (3): Warning: simplexml_load_string():          ^  in C:\wamp\www\creo\lib\Varien\Simplexml\Config.php on line 510
2016-09-21T07:10:43+00:00 ERR (3): Warning: simplexml_load_string(): Entity: line 21: parser error : Premature end of data in tag config line 3  in C:\wamp\www\creo\lib\Varien\Simplexml\Config.php on line 510
2016-09-21T07:10:43+00:00 ERR (3): Warning: simplexml_load_string(): &lt;/config&gt;  in C:\wamp\www\creo\lib\Varien\Simplexml\Config.php on line 510
2016-09-21T07:10:43+00:00 ERR (3): Warning: simplexml_load_string():          ^  in C:\wamp\www\creo\lib\Varien\Simplexml\Config.php on line 510
2016-09-21T07:12:07+00:00 ERR (3): Warning: simplexml_load_string(): Entity: line 21: parser error : Opening and ending tag mismatch: modules line 9 and config  in C:\wamp\www\creo\lib\Varien\Simplexml\Config.php on line 510
2016-09-21T07:12:07+00:00 ERR (3): Warning: simplexml_load_string(): &lt;/config&gt;  in C:\wamp\www\creo\lib\Varien\Simplexml\Config.php on line 510
2016-09-21T07:12:07+00:00 ERR (3): Warning: simplexml_load_string():          ^  in C:\wamp\www\creo\lib\Varien\Simplexml\Config.php on line 510
2016-09-21T07:12:07+00:00 ERR (3): Warning: simplexml_load_string(): Entity: line 21: parser error : Premature end of data in tag modules line 5  in C:\wamp\www\creo\lib\Varien\Simplexml\Config.php on line 510
2016-09-21T07:12:07+00:00 ERR (3): Warning: simplexml_load_string(): &lt;/config&gt;  in C:\wamp\www\creo\lib\Varien\Simplexml\Config.php on line 510
2016-09-21T07:12:07+00:00 ERR (3): Warning: simplexml_load_string():          ^  in C:\wamp\www\creo\lib\Varien\Simplexml\Config.php on line 510
2016-09-21T07:12:07+00:00 ERR (3): Warning: simplexml_load_string(): Entity: line 21: parser error : Premature end of data in tag config line 3  in C:\wamp\www\creo\lib\Varien\Simplexml\Config.php on line 510
2016-09-21T07:12:07+00:00 ERR (3): Warning: simplexml_load_string(): &lt;/config&gt;  in C:\wamp\www\creo\lib\Varien\Simplexml\Config.php on line 510
2016-09-21T07:12:07+00:00 ERR (3): Warning: simplexml_load_string():          ^  in C:\wamp\www\creo\lib\Varien\Simplexml\Config.php on line 510
2016-09-21T07:12:08+00:00 ERR (3): Warning: simplexml_load_string(): Entity: line 21: parser error : Opening and ending tag mismatch: modules line 9 and config  in C:\wamp\www\creo\lib\Varien\Simplexml\Config.php on line 510
2016-09-21T07:12:08+00:00 ERR (3): Warning: simplexml_load_string(): &lt;/config&gt;  in C:\wamp\www\creo\lib\Varien\Simplexml\Config.php on line 510
2016-09-21T07:12:08+00:00 ERR (3): Warning: simplexml_load_string():          ^  in C:\wamp\www\creo\lib\Varien\Simplexml\Config.php on line 510
2016-09-21T07:12:08+00:00 ERR (3): Warning: simplexml_load_string(): Entity: line 21: parser error : Premature end of data in tag modules line 5  in C:\wamp\www\creo\lib\Varien\Simplexml\Config.php on line 510
2016-09-21T07:12:08+00:00 ERR (3): Warning: simplexml_load_string(): &lt;/config&gt;  in C:\wamp\www\creo\lib\Varien\Simplexml\Config.php on line 510
2016-09-21T07:12:08+00:00 ERR (3): Warning: simplexml_load_string():          ^  in C:\wamp\www\creo\lib\Varien\Simplexml\Config.php on line 510
2016-09-21T07:12:08+00:00 ERR (3): Warning: simplexml_load_string(): Entity: line 21: parser error : Premature end of data in tag config line 3  in C:\wamp\www\creo\lib\Varien\Simplexml\Config.php on line 510
2016-09-21T07:12:08+00:00 ERR (3): Warning: simplexml_load_string(): &lt;/config&gt;  in C:\wamp\www\creo\lib\Varien\Simplexml\Config.php on line 510
2016-09-21T07:12:08+00:00 ERR (3): Warning: simplexml_load_string():          ^  in C:\wamp\www\creo\lib\Varien\Simplexml\Config.php on line 510
2016-09-21T07:12:10+00:00 ERR (3): Warning: simplexml_load_string(): Entity: line 21: parser error : Opening and ending tag mismatch: modules line 9 and config  in C:\wamp\www\creo\lib\Varien\Simplexml\Config.php on line 510
2016-09-21T07:12:10+00:00 ERR (3): Warning: simplexml_load_string(): &lt;/config&gt;  in C:\wamp\www\creo\lib\Varien\Simplexml\Config.php on line 510
2016-09-21T07:12:10+00:00 ERR (3): Warning: simplexml_load_string():          ^  in C:\wamp\www\creo\lib\Varien\Simplexml\Config.php on line 510
2016-09-21T07:12:10+00:00 ERR (3): Warning: simplexml_load_string(): Entity: line 21: parser error : Premature end of data in tag modules line 5  in C:\wamp\www\creo\lib\Varien\Simplexml\Config.php on line 510
2016-09-21T07:12:10+00:00 ERR (3): Warning: simplexml_load_string(): &lt;/config&gt;  in C:\wamp\www\creo\lib\Varien\Simplexml\Config.php on line 510
2016-09-21T07:12:10+00:00 ERR (3): Warning: simplexml_load_string():          ^  in C:\wamp\www\creo\lib\Varien\Simplexml\Config.php on line 510
2016-09-21T07:12:10+00:00 ERR (3): Warning: simplexml_load_string(): Entity: line 21: parser error : Premature end of data in tag config line 3  in C:\wamp\www\creo\lib\Varien\Simplexml\Config.php on line 510
2016-09-21T07:12:10+00:00 ERR (3): Warning: simplexml_load_string(): &lt;/config&gt;  in C:\wamp\www\creo\lib\Varien\Simplexml\Config.php on line 510
2016-09-21T07:12:10+00:00 ERR (3): Warning: simplexml_load_string():          ^  in C:\wamp\www\creo\lib\Varien\Simplexml\Config.php on line 510
2016-09-21T07:12:12+00:00 ERR (3): Warning: simplexml_load_string(): Entity: line 21: parser error : Opening and ending tag mismatch: modules line 9 and config  in C:\wamp\www\creo\lib\Varien\Simplexml\Config.php on line 510
2016-09-21T07:12:12+00:00 ERR (3): Warning: simplexml_load_string(): &lt;/config&gt;  in C:\wamp\www\creo\lib\Varien\Simplexml\Config.php on line 510
2016-09-21T07:12:12+00:00 ERR (3): Warning: simplexml_load_string():          ^  in C:\wamp\www\creo\lib\Varien\Simplexml\Config.php on line 510
2016-09-21T07:12:12+00:00 ERR (3): Warning: simplexml_load_string(): Entity: line 21: parser error : Premature end of data in tag modules line 5  in C:\wamp\www\creo\lib\Varien\Simplexml\Config.php on line 510
2016-09-21T07:12:12+00:00 ERR (3): Warning: simplexml_load_string(): &lt;/config&gt;  in C:\wamp\www\creo\lib\Varien\Simplexml\Config.php on line 510
2016-09-21T07:12:12+00:00 ERR (3): Warning: simplexml_load_string():          ^  in C:\wamp\www\creo\lib\Varien\Simplexml\Config.php on line 510
2016-09-21T07:12:12+00:00 ERR (3): Warning: simplexml_load_string(): Entity: line 21: parser error : Premature end of data in tag config line 3  in C:\wamp\www\creo\lib\Varien\Simplexml\Config.php on line 510
2016-09-21T07:12:12+00:00 ERR (3): Warning: simplexml_load_string(): &lt;/config&gt;  in C:\wamp\www\creo\lib\Varien\Simplexml\Config.php on line 510
2016-09-21T07:12:12+00:00 ERR (3): Warning: simplexml_load_string():          ^  in C:\wamp\www\creo\lib\Varien\Simplexml\Config.php on line 510
2016-09-21T07:12:16+00:00 ERR (3): Warning: simplexml_load_string(): Entity: line 21: parser error : Opening and ending tag mismatch: modules line 9 and config  in C:\wamp\www\creo\lib\Varien\Simplexml\Config.php on line 510
2016-09-21T07:12:16+00:00 ERR (3): Warning: simplexml_load_string(): &lt;/config&gt;  in C:\wamp\www\creo\lib\Varien\Simplexml\Config.php on line 510
2016-09-21T07:12:16+00:00 ERR (3): Warning: simplexml_load_string():          ^  in C:\wamp\www\creo\lib\Varien\Simplexml\Config.php on line 510
2016-09-21T07:12:16+00:00 ERR (3): Warning: simplexml_load_string(): Entity: line 21: parser error : Premature end of data in tag modules line 5  in C:\wamp\www\creo\lib\Varien\Simplexml\Config.php on line 510
2016-09-21T07:12:16+00:00 ERR (3): Warning: simplexml_load_string(): &lt;/config&gt;  in C:\wamp\www\creo\lib\Varien\Simplexml\Config.php on line 510
2016-09-21T07:12:16+00:00 ERR (3): Warning: simplexml_load_string():          ^  in C:\wamp\www\creo\lib\Varien\Simplexml\Config.php on line 510
2016-09-21T07:12:16+00:00 ERR (3): Warning: simplexml_load_string(): Entity: line 21: parser error : Premature end of data in tag config line 3  in C:\wamp\www\creo\lib\Varien\Simplexml\Config.php on line 510
2016-09-21T07:12:16+00:00 ERR (3): Warning: simplexml_load_string(): &lt;/config&gt;  in C:\wamp\www\creo\lib\Varien\Simplexml\Config.php on line 510
2016-09-21T07:12:16+00:00 ERR (3): Warning: simplexml_load_string():          ^  in C:\wamp\www\creo\lib\Varien\Simplexml\Config.php on line 510
2016-09-21T07:13:16+00:00 ERR (3): Warning: simplexml_load_string(): Entity: line 21: parser error : Opening and ending tag mismatch: modules line 9 and config  in C:\wamp\www\creo\lib\Varien\Simplexml\Config.php on line 510
2016-09-21T07:13:16+00:00 ERR (3): Warning: simplexml_load_string(): &lt;/config&gt;  in C:\wamp\www\creo\lib\Varien\Simplexml\Config.php on line 510
2016-09-21T07:13:16+00:00 ERR (3): Warning: simplexml_load_string():          ^  in C:\wamp\www\creo\lib\Varien\Simplexml\Config.php on line 510
2016-09-21T07:13:16+00:00 ERR (3): Warning: simplexml_load_string(): Entity: line 21: parser error : Premature end of data in tag modules line 5  in C:\wamp\www\creo\lib\Varien\Simplexml\Config.php on line 510
2016-09-21T07:13:16+00:00 ERR (3): Warning: simplexml_load_string(): &lt;/config&gt;  in C:\wamp\www\creo\lib\Varien\Simplexml\Config.php on line 510
2016-09-21T07:13:16+00:00 ERR (3): Warning: simplexml_load_string():          ^  in C:\wamp\www\creo\lib\Varien\Simplexml\Config.php on line 510
2016-09-21T07:13:16+00:00 ERR (3): Warning: simplexml_load_string(): Entity: line 21: parser error : Premature end of data in tag config line 3  in C:\wamp\www\creo\lib\Varien\Simplexml\Config.php on line 510
2016-09-21T07:13:16+00:00 ERR (3): Warning: simplexml_load_string(): &lt;/config&gt;  in C:\wamp\www\creo\lib\Varien\Simplexml\Config.php on line 510
2016-09-21T07:13:16+00:00 ERR (3): Warning: simplexml_load_string():          ^  in C:\wamp\www\creo\lib\Varien\Simplexml\Config.php on line 510
2016-09-21T07:13:30+00:00 ERR (3): Warning: simplexml_load_string(): Entity: line 21: parser error : Opening and ending tag mismatch: modules line 9 and config  in C:\wamp\www\creo\lib\Varien\Simplexml\Config.php on line 510
2016-09-21T07:13:30+00:00 ERR (3): Warning: simplexml_load_string(): &lt;/config&gt;  in C:\wamp\www\creo\lib\Varien\Simplexml\Config.php on line 510
2016-09-21T07:13:30+00:00 ERR (3): Warning: simplexml_load_string():          ^  in C:\wamp\www\creo\lib\Varien\Simplexml\Config.php on line 510
2016-09-21T07:13:30+00:00 ERR (3): Warning: simplexml_load_string(): Entity: line 21: parser error : Premature end of data in tag modules line 5  in C:\wamp\www\creo\lib\Varien\Simplexml\Config.php on line 510
2016-09-21T07:13:30+00:00 ERR (3): Warning: simplexml_load_string(): &lt;/config&gt;  in C:\wamp\www\creo\lib\Varien\Simplexml\Config.php on line 510
2016-09-21T07:13:30+00:00 ERR (3): Warning: simplexml_load_string():          ^  in C:\wamp\www\creo\lib\Varien\Simplexml\Config.php on line 510
2016-09-21T07:13:30+00:00 ERR (3): Warning: simplexml_load_string(): Entity: line 21: parser error : Premature end of data in tag config line 3  in C:\wamp\www\creo\lib\Varien\Simplexml\Config.php on line 510
2016-09-21T07:13:30+00:00 ERR (3): Warning: simplexml_load_string(): &lt;/config&gt;  in C:\wamp\www\creo\lib\Varien\Simplexml\Config.php on line 510
2016-09-21T07:13:30+00:00 ERR (3): Warning: simplexml_load_string():          ^  in C:\wamp\www\creo\lib\Varien\Simplexml\Config.php on line 510
2016-09-21T09:14:42+00:00 ERR (3): Warning: simplexml_load_string(): Entity: line 21: parser error : Opening and ending tag mismatch: modules line 9 and config  in C:\wamp\www\creo\lib\Varien\Simplexml\Config.php on line 510
2016-09-21T09:14:42+00:00 ERR (3): Warning: simplexml_load_string(): &lt;/config&gt;  in C:\wamp\www\creo\lib\Varien\Simplexml\Config.php on line 510
2016-09-21T09:14:42+00:00 ERR (3): Warning: simplexml_load_string():          ^  in C:\wamp\www\creo\lib\Varien\Simplexml\Config.php on line 510
2016-09-21T09:14:42+00:00 ERR (3): Warning: simplexml_load_string(): Entity: line 21: parser error : Premature end of data in tag modules line 5  in C:\wamp\www\creo\lib\Varien\Simplexml\Config.php on line 510
2016-09-21T09:14:42+00:00 ERR (3): Warning: simplexml_load_string(): &lt;/config&gt;  in C:\wamp\www\creo\lib\Varien\Simplexml\Config.php on line 510
2016-09-21T09:14:42+00:00 ERR (3): Warning: simplexml_load_string():          ^  in C:\wamp\www\creo\lib\Varien\Simplexml\Config.php on line 510
2016-09-21T09:14:42+00:00 ERR (3): Warning: simplexml_load_string(): Entity: line 21: parser error : Premature end of data in tag config line 3  in C:\wamp\www\creo\lib\Varien\Simplexml\Config.php on line 510
2016-09-21T09:14:42+00:00 ERR (3): Warning: simplexml_load_string(): &lt;/config&gt;  in C:\wamp\www\creo\lib\Varien\Simplexml\Config.php on line 510
2016-09-21T09:14:42+00:00 ERR (3): Warning: simplexml_load_string():          ^  in C:\wamp\www\creo\lib\Varien\Simplexml\Config.php on line 510
2016-09-21T09:15:09+00:00 ERR (3): Warning: simplexml_load_string(): Entity: line 21: parser error : Opening and ending tag mismatch: modules line 9 and config  in C:\wamp\www\creo\lib\Varien\Simplexml\Config.php on line 510
2016-09-21T09:15:09+00:00 ERR (3): Warning: simplexml_load_string(): &lt;/config&gt;  in C:\wamp\www\creo\lib\Varien\Simplexml\Config.php on line 510
2016-09-21T09:15:09+00:00 ERR (3): Warning: simplexml_load_string():          ^  in C:\wamp\www\creo\lib\Varien\Simplexml\Config.php on line 510
2016-09-21T09:15:09+00:00 ERR (3): Warning: simplexml_load_string(): Entity: line 21: parser error : Premature end of data in tag modules line 5  in C:\wamp\www\creo\lib\Varien\Simplexml\Config.php on line 510
2016-09-21T09:15:09+00:00 ERR (3): Warning: simplexml_load_string(): &lt;/config&gt;  in C:\wamp\www\creo\lib\Varien\Simplexml\Config.php on line 510
2016-09-21T09:15:09+00:00 ERR (3): Warning: simplexml_load_string():          ^  in C:\wamp\www\creo\lib\Varien\Simplexml\Config.php on line 510
2016-09-21T09:15:09+00:00 ERR (3): Warning: simplexml_load_string(): Entity: line 21: parser error : Premature end of data in tag config line 3  in C:\wamp\www\creo\lib\Varien\Simplexml\Config.php on line 510
2016-09-21T09:15:09+00:00 ERR (3): Warning: simplexml_load_string(): &lt;/config&gt;  in C:\wamp\www\creo\lib\Varien\Simplexml\Config.php on line 510
2016-09-21T09:15:09+00:00 ERR (3): Warning: simplexml_load_string():          ^  in C:\wamp\www\creo\lib\Varien\Simplexml\Config.php on line 510
2016-09-21T09:15:14+00:00 ERR (3): Warning: simplexml_load_string(): Entity: line 21: parser error : Opening and ending tag mismatch: modules line 9 and config  in C:\wamp\www\creo\lib\Varien\Simplexml\Config.php on line 510
2016-09-21T09:15:14+00:00 ERR (3): Warning: simplexml_load_string(): &lt;/config&gt;  in C:\wamp\www\creo\lib\Varien\Simplexml\Config.php on line 510
2016-09-21T09:15:14+00:00 ERR (3): Warning: simplexml_load_string():          ^  in C:\wamp\www\creo\lib\Varien\Simplexml\Config.php on line 510
2016-09-21T09:15:14+00:00 ERR (3): Warning: simplexml_load_string(): Entity: line 21: parser error : Premature end of data in tag modules line 5  in C:\wamp\www\creo\lib\Varien\Simplexml\Config.php on line 510
2016-09-21T09:15:14+00:00 ERR (3): Warning: simplexml_load_string(): &lt;/config&gt;  in C:\wamp\www\creo\lib\Varien\Simplexml\Config.php on line 510
2016-09-21T09:15:14+00:00 ERR (3): Warning: simplexml_load_string():          ^  in C:\wamp\www\creo\lib\Varien\Simplexml\Config.php on line 510
2016-09-21T09:15:14+00:00 ERR (3): Warning: simplexml_load_string(): Entity: line 21: parser error : Premature end of data in tag config line 3  in C:\wamp\www\creo\lib\Varien\Simplexml\Config.php on line 510
2016-09-21T09:15:14+00:00 ERR (3): Warning: simplexml_load_string(): &lt;/config&gt;  in C:\wamp\www\creo\lib\Varien\Simplexml\Config.php on line 510
2016-09-21T09:15:14+00:00 ERR (3): Warning: simplexml_load_string():          ^  in C:\wamp\www\creo\lib\Varien\Simplexml\Config.php on line 510
2016-09-21T09:15:40+00:00 ERR (3): Warning: simplexml_load_string(): Entity: line 21: parser error : Opening and ending tag mismatch: modules line 9 and config  in C:\wamp\www\creo\lib\Varien\Simplexml\Config.php on line 510
2016-09-21T09:15:40+00:00 ERR (3): Warning: simplexml_load_string(): &lt;/config&gt;  in C:\wamp\www\creo\lib\Varien\Simplexml\Config.php on line 510
2016-09-21T09:15:40+00:00 ERR (3): Warning: simplexml_load_string():          ^  in C:\wamp\www\creo\lib\Varien\Simplexml\Config.php on line 510
2016-09-21T09:15:40+00:00 ERR (3): Warning: simplexml_load_string(): Entity: line 21: parser error : Premature end of data in tag modules line 5  in C:\wamp\www\creo\lib\Varien\Simplexml\Config.php on line 510
2016-09-21T09:15:40+00:00 ERR (3): Warning: simplexml_load_string(): &lt;/config&gt;  in C:\wamp\www\creo\lib\Varien\Simplexml\Config.php on line 510
2016-09-21T09:15:40+00:00 ERR (3): Warning: simplexml_load_string():          ^  in C:\wamp\www\creo\lib\Varien\Simplexml\Config.php on line 510
2016-09-21T09:15:40+00:00 ERR (3): Warning: simplexml_load_string(): Entity: line 21: parser error : Premature end of data in tag config line 3  in C:\wamp\www\creo\lib\Varien\Simplexml\Config.php on line 510
2016-09-21T09:15:40+00:00 ERR (3): Warning: simplexml_load_string(): &lt;/config&gt;  in C:\wamp\www\creo\lib\Varien\Simplexml\Config.php on line 510
2016-09-21T09:15:40+00:00 ERR (3): Warning: simplexml_load_string():          ^  in C:\wamp\www\creo\lib\Varien\Simplexml\Config.php on line 510
2016-09-21T09:16:26+00:00 ERR (3): Warning: simplexml_load_string(): Entity: line 21: parser error : Opening and ending tag mismatch: modules line 9 and config  in C:\wamp\www\creo\lib\Varien\Simplexml\Config.php on line 510
2016-09-21T09:16:26+00:00 ERR (3): Warning: simplexml_load_string(): &lt;/config&gt;  in C:\wamp\www\creo\lib\Varien\Simplexml\Config.php on line 510
2016-09-21T09:16:26+00:00 ERR (3): Warning: simplexml_load_string():          ^  in C:\wamp\www\creo\lib\Varien\Simplexml\Config.php on line 510
2016-09-21T09:16:26+00:00 ERR (3): Warning: simplexml_load_string(): Entity: line 21: parser error : Premature end of data in tag modules line 5  in C:\wamp\www\creo\lib\Varien\Simplexml\Config.php on line 510
2016-09-21T09:16:26+00:00 ERR (3): Warning: simplexml_load_string(): &lt;/config&gt;  in C:\wamp\www\creo\lib\Varien\Simplexml\Config.php on line 510
2016-09-21T09:16:26+00:00 ERR (3): Warning: simplexml_load_string():          ^  in C:\wamp\www\creo\lib\Varien\Simplexml\Config.php on line 510
2016-09-21T09:16:26+00:00 ERR (3): Warning: simplexml_load_string(): Entity: line 21: parser error : Premature end of data in tag config line 3  in C:\wamp\www\creo\lib\Varien\Simplexml\Config.php on line 510
2016-09-21T09:16:26+00:00 ERR (3): Warning: simplexml_load_string(): &lt;/config&gt;  in C:\wamp\www\creo\lib\Varien\Simplexml\Config.php on line 510
2016-09-21T09:16:26+00:00 ERR (3): Warning: simplexml_load_string():          ^  in C:\wamp\www\creo\lib\Varien\Simplexml\Config.php on line 510
2016-09-21T09:16:42+00:00 ERR (3): Warning: simplexml_load_string(): Entity: line 21: parser error : Opening and ending tag mismatch: modules line 9 and config  in C:\wamp\www\creo\lib\Varien\Simplexml\Config.php on line 510
2016-09-21T09:16:42+00:00 ERR (3): Warning: simplexml_load_string(): &lt;/config&gt;  in C:\wamp\www\creo\lib\Varien\Simplexml\Config.php on line 510
2016-09-21T09:16:42+00:00 ERR (3): Warning: simplexml_load_string():          ^  in C:\wamp\www\creo\lib\Varien\Simplexml\Config.php on line 510
2016-09-21T09:16:42+00:00 ERR (3): Warning: simplexml_load_string(): Entity: line 21: parser error : Premature end of data in tag modules line 5  in C:\wamp\www\creo\lib\Varien\Simplexml\Config.php on line 510
2016-09-21T09:16:42+00:00 ERR (3): Warning: simplexml_load_string(): &lt;/config&gt;  in C:\wamp\www\creo\lib\Varien\Simplexml\Config.php on line 510
2016-09-21T09:16:42+00:00 ERR (3): Warning: simplexml_load_string():          ^  in C:\wamp\www\creo\lib\Varien\Simplexml\Config.php on line 510
2016-09-21T09:16:42+00:00 ERR (3): Warning: simplexml_load_string(): Entity: line 21: parser error : Premature end of data in tag config line 3  in C:\wamp\www\creo\lib\Varien\Simplexml\Config.php on line 510
2016-09-21T09:16:42+00:00 ERR (3): Warning: simplexml_load_string(): &lt;/config&gt;  in C:\wamp\www\creo\lib\Varien\Simplexml\Config.php on line 510
2016-09-21T09:16:42+00:00 ERR (3): Warning: simplexml_load_string():          ^  in C:\wamp\www\creo\lib\Varien\Simplexml\Config.php on line 510
2016-09-21T09:16:55+00:00 ERR (3): Warning: simplexml_load_string(): Entity: line 21: parser error : Opening and ending tag mismatch: modules line 9 and config  in C:\wamp\www\creo\lib\Varien\Simplexml\Config.php on line 510
2016-09-21T09:16:55+00:00 ERR (3): Warning: simplexml_load_string(): &lt;/config&gt;  in C:\wamp\www\creo\lib\Varien\Simplexml\Config.php on line 510
2016-09-21T09:16:55+00:00 ERR (3): Warning: simplexml_load_string():          ^  in C:\wamp\www\creo\lib\Varien\Simplexml\Config.php on line 510
2016-09-21T09:16:55+00:00 ERR (3): Warning: simplexml_load_string(): Entity: line 21: parser error : Premature end of data in tag modules line 5  in C:\wamp\www\creo\lib\Varien\Simplexml\Config.php on line 510
2016-09-21T09:16:55+00:00 ERR (3): Warning: simplexml_load_string(): &lt;/config&gt;  in C:\wamp\www\creo\lib\Varien\Simplexml\Config.php on line 510
2016-09-21T09:16:55+00:00 ERR (3): Warning: simplexml_load_string():          ^  in C:\wamp\www\creo\lib\Varien\Simplexml\Config.php on line 510
2016-09-21T09:16:55+00:00 ERR (3): Warning: simplexml_load_string(): Entity: line 21: parser error : Premature end of data in tag config line 3  in C:\wamp\www\creo\lib\Varien\Simplexml\Config.php on line 510
2016-09-21T09:16:55+00:00 ERR (3): Warning: simplexml_load_string(): &lt;/config&gt;  in C:\wamp\www\creo\lib\Varien\Simplexml\Config.php on line 510
2016-09-21T09:16:55+00:00 ERR (3): Warning: simplexml_load_string():          ^  in C:\wamp\www\creo\lib\Varien\Simplexml\Config.php on line 510
2016-09-21T09:16:57+00:00 ERR (3): Warning: simplexml_load_string(): Entity: line 21: parser error : Opening and ending tag mismatch: modules line 9 and config  in C:\wamp\www\creo\lib\Varien\Simplexml\Config.php on line 510
2016-09-21T09:16:57+00:00 ERR (3): Warning: simplexml_load_string(): &lt;/config&gt;  in C:\wamp\www\creo\lib\Varien\Simplexml\Config.php on line 510
2016-09-21T09:16:57+00:00 ERR (3): Warning: simplexml_load_string():          ^  in C:\wamp\www\creo\lib\Varien\Simplexml\Config.php on line 510
2016-09-21T09:16:57+00:00 ERR (3): Warning: simplexml_load_string(): Entity: line 21: parser error : Premature end of data in tag modules line 5  in C:\wamp\www\creo\lib\Varien\Simplexml\Config.php on line 510
2016-09-21T09:16:57+00:00 ERR (3): Warning: simplexml_load_string(): &lt;/config&gt;  in C:\wamp\www\creo\lib\Varien\Simplexml\Config.php on line 510
2016-09-21T09:16:57+00:00 ERR (3): Warning: simplexml_load_string():          ^  in C:\wamp\www\creo\lib\Varien\Simplexml\Config.php on line 510
2016-09-21T09:16:57+00:00 ERR (3): Warning: simplexml_load_string(): Entity: line 21: parser error : Premature end of data in tag config line 3  in C:\wamp\www\creo\lib\Varien\Simplexml\Config.php on line 510
2016-09-21T09:16:57+00:00 ERR (3): Warning: simplexml_load_string(): &lt;/config&gt;  in C:\wamp\www\creo\lib\Varien\Simplexml\Config.php on line 510
2016-09-21T09:16:57+00:00 ERR (3): Warning: simplexml_load_string():          ^  in C:\wamp\www\creo\lib\Varien\Simplexml\Config.php on line 510
2016-09-21T09:17:01+00:00 ERR (3): Warning: simplexml_load_string(): Entity: line 21: parser error : Opening and ending tag mismatch: modules line 9 and config  in C:\wamp\www\creo\lib\Varien\Simplexml\Config.php on line 510
2016-09-21T09:17:01+00:00 ERR (3): Warning: simplexml_load_string(): &lt;/config&gt;  in C:\wamp\www\creo\lib\Varien\Simplexml\Config.php on line 510
2016-09-21T09:17:01+00:00 ERR (3): Warning: simplexml_load_string():          ^  in C:\wamp\www\creo\lib\Varien\Simplexml\Config.php on line 510
2016-09-21T09:17:01+00:00 ERR (3): Warning: simplexml_load_string(): Entity: line 21: parser error : Premature end of data in tag modules line 5  in C:\wamp\www\creo\lib\Varien\Simplexml\Config.php on line 510
2016-09-21T09:17:01+00:00 ERR (3): Warning: simplexml_load_string(): &lt;/config&gt;  in C:\wamp\www\creo\lib\Varien\Simplexml\Config.php on line 510
2016-09-21T09:17:01+00:00 ERR (3): Warning: simplexml_load_string():          ^  in C:\wamp\www\creo\lib\Varien\Simplexml\Config.php on line 510
2016-09-21T09:17:01+00:00 ERR (3): Warning: simplexml_load_string(): Entity: line 21: parser error : Premature end of data in tag config line 3  in C:\wamp\www\creo\lib\Varien\Simplexml\Config.php on line 510
2016-09-21T09:17:01+00:00 ERR (3): Warning: simplexml_load_string(): &lt;/config&gt;  in C:\wamp\www\creo\lib\Varien\Simplexml\Config.php on line 510
2016-09-21T09:17:01+00:00 ERR (3): Warning: simplexml_load_string():          ^  in C:\wamp\www\creo\lib\Varien\Simplexml\Config.php on line 510
2016-09-21T09:17:07+00:00 ERR (3): Warning: simplexml_load_string(): Entity: line 21: parser error : Opening and ending tag mismatch: modules line 9 and config  in C:\wamp\www\creo\lib\Varien\Simplexml\Config.php on line 510
2016-09-21T09:17:07+00:00 ERR (3): Warning: simplexml_load_string(): &lt;/config&gt;  in C:\wamp\www\creo\lib\Varien\Simplexml\Config.php on line 510
2016-09-21T09:17:07+00:00 ERR (3): Warning: simplexml_load_string():          ^  in C:\wamp\www\creo\lib\Varien\Simplexml\Config.php on line 510
2016-09-21T09:17:07+00:00 ERR (3): Warning: simplexml_load_string(): Entity: line 21: parser error : Premature end of data in tag modules line 5  in C:\wamp\www\creo\lib\Varien\Simplexml\Config.php on line 510
2016-09-21T09:17:07+00:00 ERR (3): Warning: simplexml_load_string(): &lt;/config&gt;  in C:\wamp\www\creo\lib\Varien\Simplexml\Config.php on line 510
2016-09-21T09:17:07+00:00 ERR (3): Warning: simplexml_load_string():          ^  in C:\wamp\www\creo\lib\Varien\Simplexml\Config.php on line 510
2016-09-21T09:17:07+00:00 ERR (3): Warning: simplexml_load_string(): Entity: line 21: parser error : Premature end of data in tag config line 3  in C:\wamp\www\creo\lib\Varien\Simplexml\Config.php on line 510
2016-09-21T09:17:07+00:00 ERR (3): Warning: simplexml_load_string(): &lt;/config&gt;  in C:\wamp\www\creo\lib\Varien\Simplexml\Config.php on line 510
2016-09-21T09:17:07+00:00 ERR (3): Warning: simplexml_load_string():          ^  in C:\wamp\www\creo\lib\Varien\Simplexml\Config.php on line 510
2016-09-21T09:17:14+00:00 ERR (3): Warning: simplexml_load_string(): Entity: line 21: parser error : Opening and ending tag mismatch: modules line 9 and config  in C:\wamp\www\creo\lib\Varien\Simplexml\Config.php on line 510
2016-09-21T09:17:14+00:00 ERR (3): Warning: simplexml_load_string(): &lt;/config&gt;  in C:\wamp\www\creo\lib\Varien\Simplexml\Config.php on line 510
2016-09-21T09:17:14+00:00 ERR (3): Warning: simplexml_load_string():          ^  in C:\wamp\www\creo\lib\Varien\Simplexml\Config.php on line 510
2016-09-21T09:17:14+00:00 ERR (3): Warning: simplexml_load_string(): Entity: line 21: parser error : Premature end of data in tag modules line 5  in C:\wamp\www\creo\lib\Varien\Simplexml\Config.php on line 510
2016-09-21T09:17:14+00:00 ERR (3): Warning: simplexml_load_string(): &lt;/config&gt;  in C:\wamp\www\creo\lib\Varien\Simplexml\Config.php on line 510
2016-09-21T09:17:14+00:00 ERR (3): Warning: simplexml_load_string():          ^  in C:\wamp\www\creo\lib\Varien\Simplexml\Config.php on line 510
2016-09-21T09:17:14+00:00 ERR (3): Warning: simplexml_load_string(): Entity: line 21: parser error : Premature end of data in tag config line 3  in C:\wamp\www\creo\lib\Varien\Simplexml\Config.php on line 510
2016-09-21T09:17:14+00:00 ERR (3): Warning: simplexml_load_string(): &lt;/config&gt;  in C:\wamp\www\creo\lib\Varien\Simplexml\Config.php on line 510
2016-09-21T09:17:14+00:00 ERR (3): Warning: simplexml_load_string():          ^  in C:\wamp\www\creo\lib\Varien\Simplexml\Config.php on line 510
2016-09-21T09:17:50+00:00 ERR (3): Warning: simplexml_load_string(): Entity: line 21: parser error : Opening and ending tag mismatch: modules line 9 and config  in C:\wamp\www\creo\lib\Varien\Simplexml\Config.php on line 510
2016-09-21T09:17:50+00:00 ERR (3): Warning: simplexml_load_string(): &lt;/config&gt;  in C:\wamp\www\creo\lib\Varien\Simplexml\Config.php on line 510
2016-09-21T09:17:50+00:00 ERR (3): Warning: simplexml_load_string():          ^  in C:\wamp\www\creo\lib\Varien\Simplexml\Config.php on line 510
2016-09-21T09:17:50+00:00 ERR (3): Warning: simplexml_load_string(): Entity: line 21: parser error : Premature end of data in tag modules line 5  in C:\wamp\www\creo\lib\Varien\Simplexml\Config.php on line 510
2016-09-21T09:17:50+00:00 ERR (3): Warning: simplexml_load_string(): &lt;/config&gt;  in C:\wamp\www\creo\lib\Varien\Simplexml\Config.php on line 510
2016-09-21T09:17:50+00:00 ERR (3): Warning: simplexml_load_string():          ^  in C:\wamp\www\creo\lib\Varien\Simplexml\Config.php on line 510
2016-09-21T09:17:50+00:00 ERR (3): Warning: simplexml_load_string(): Entity: line 21: parser error : Premature end of data in tag config line 3  in C:\wamp\www\creo\lib\Varien\Simplexml\Config.php on line 510
2016-09-21T09:17:50+00:00 ERR (3): Warning: simplexml_load_string(): &lt;/config&gt;  in C:\wamp\www\creo\lib\Varien\Simplexml\Config.php on line 510
2016-09-21T09:17:50+00:00 ERR (3): Warning: simplexml_load_string():          ^  in C:\wamp\www\creo\lib\Varien\Simplexml\Config.php on line 510
2016-09-21T09:17:59+00:00 ERR (3): Warning: simplexml_load_string(): Entity: line 21: parser error : Opening and ending tag mismatch: modules line 9 and config  in C:\wamp\www\creo\lib\Varien\Simplexml\Config.php on line 510
2016-09-21T09:17:59+00:00 ERR (3): Warning: simplexml_load_string(): &lt;/config&gt;  in C:\wamp\www\creo\lib\Varien\Simplexml\Config.php on line 510
2016-09-21T09:17:59+00:00 ERR (3): Warning: simplexml_load_string():          ^  in C:\wamp\www\creo\lib\Varien\Simplexml\Config.php on line 510
2016-09-21T09:17:59+00:00 ERR (3): Warning: simplexml_load_string(): Entity: line 21: parser error : Premature end of data in tag modules line 5  in C:\wamp\www\creo\lib\Varien\Simplexml\Config.php on line 510
2016-09-21T09:17:59+00:00 ERR (3): Warning: simplexml_load_string(): &lt;/config&gt;  in C:\wamp\www\creo\lib\Varien\Simplexml\Config.php on line 510
2016-09-21T09:17:59+00:00 ERR (3): Warning: simplexml_load_string():          ^  in C:\wamp\www\creo\lib\Varien\Simplexml\Config.php on line 510
2016-09-21T09:17:59+00:00 ERR (3): Warning: simplexml_load_string(): Entity: line 21: parser error : Premature end of data in tag config line 3  in C:\wamp\www\creo\lib\Varien\Simplexml\Config.php on line 510
2016-09-21T09:17:59+00:00 ERR (3): Warning: simplexml_load_string(): &lt;/config&gt;  in C:\wamp\www\creo\lib\Varien\Simplexml\Config.php on line 510
2016-09-21T09:17:59+00:00 ERR (3): Warning: simplexml_load_string():          ^  in C:\wamp\www\creo\lib\Varien\Simplexml\Config.php on line 510
2016-09-21T09:18:05+00:00 ERR (3): Warning: simplexml_load_string(): Entity: line 21: parser error : Opening and ending tag mismatch: modules line 9 and config  in C:\wamp\www\creo\lib\Varien\Simplexml\Config.php on line 510
2016-09-21T09:18:05+00:00 ERR (3): Warning: simplexml_load_string(): &lt;/config&gt;  in C:\wamp\www\creo\lib\Varien\Simplexml\Config.php on line 510
2016-09-21T09:18:05+00:00 ERR (3): Warning: simplexml_load_string():          ^  in C:\wamp\www\creo\lib\Varien\Simplexml\Config.php on line 510
2016-09-21T09:18:05+00:00 ERR (3): Warning: simplexml_load_string(): Entity: line 21: parser error : Premature end of data in tag modules line 5  in C:\wamp\www\creo\lib\Varien\Simplexml\Config.php on line 510
2016-09-21T09:18:05+00:00 ERR (3): Warning: simplexml_load_string(): &lt;/config&gt;  in C:\wamp\www\creo\lib\Varien\Simplexml\Config.php on line 510
2016-09-21T09:18:05+00:00 ERR (3): Warning: simplexml_load_string():          ^  in C:\wamp\www\creo\lib\Varien\Simplexml\Config.php on line 510
2016-09-21T09:18:05+00:00 ERR (3): Warning: simplexml_load_string(): Entity: line 21: parser error : Premature end of data in tag config line 3  in C:\wamp\www\creo\lib\Varien\Simplexml\Config.php on line 510
2016-09-21T09:18:05+00:00 ERR (3): Warning: simplexml_load_string(): &lt;/config&gt;  in C:\wamp\www\creo\lib\Varien\Simplexml\Config.php on line 510
2016-09-21T09:18:05+00:00 ERR (3): Warning: simplexml_load_string():          ^  in C:\wamp\www\creo\lib\Varien\Simplexml\Config.php on line 510
2016-09-21T09:18:07+00:00 ERR (3): Warning: simplexml_load_string(): Entity: line 21: parser error : Opening and ending tag mismatch: modules line 9 and config  in C:\wamp\www\creo\lib\Varien\Simplexml\Config.php on line 510
2016-09-21T09:18:07+00:00 ERR (3): Warning: simplexml_load_string(): &lt;/config&gt;  in C:\wamp\www\creo\lib\Varien\Simplexml\Config.php on line 510
2016-09-21T09:18:07+00:00 ERR (3): Warning: simplexml_load_string():          ^  in C:\wamp\www\creo\lib\Varien\Simplexml\Config.php on line 510
2016-09-21T09:18:07+00:00 ERR (3): Warning: simplexml_load_string(): Entity: line 21: parser error : Premature end of data in tag modules line 5  in C:\wamp\www\creo\lib\Varien\Simplexml\Config.php on line 510
2016-09-21T09:18:07+00:00 ERR (3): Warning: simplexml_load_string(): &lt;/config&gt;  in C:\wamp\www\creo\lib\Varien\Simplexml\Config.php on line 510
2016-09-21T09:18:07+00:00 ERR (3): Warning: simplexml_load_string():          ^  in C:\wamp\www\creo\lib\Varien\Simplexml\Config.php on line 510
2016-09-21T09:18:07+00:00 ERR (3): Warning: simplexml_load_string(): Entity: line 21: parser error : Premature end of data in tag config line 3  in C:\wamp\www\creo\lib\Varien\Simplexml\Config.php on line 510
2016-09-21T09:18:07+00:00 ERR (3): Warning: simplexml_load_string(): &lt;/config&gt;  in C:\wamp\www\creo\lib\Varien\Simplexml\Config.php on line 510
2016-09-21T09:18:07+00:00 ERR (3): Warning: simplexml_load_string():          ^  in C:\wamp\www\creo\lib\Varien\Simplexml\Config.php on line 510
2016-09-21T09:18:13+00:00 ERR (3): Warning: simplexml_load_string(): Entity: line 21: parser error : Opening and ending tag mismatch: modules line 9 and config  in C:\wamp\www\creo\lib\Varien\Simplexml\Config.php on line 510
2016-09-21T09:18:13+00:00 ERR (3): Warning: simplexml_load_string(): &lt;/config&gt;  in C:\wamp\www\creo\lib\Varien\Simplexml\Config.php on line 510
2016-09-21T09:18:13+00:00 ERR (3): Warning: simplexml_load_string():          ^  in C:\wamp\www\creo\lib\Varien\Simplexml\Config.php on line 510
2016-09-21T09:18:13+00:00 ERR (3): Warning: simplexml_load_string(): Entity: line 21: parser error : Premature end of data in tag modules line 5  in C:\wamp\www\creo\lib\Varien\Simplexml\Config.php on line 510
2016-09-21T09:18:13+00:00 ERR (3): Warning: simplexml_load_string(): &lt;/config&gt;  in C:\wamp\www\creo\lib\Varien\Simplexml\Config.php on line 510
2016-09-21T09:18:13+00:00 ERR (3): Warning: simplexml_load_string():          ^  in C:\wamp\www\creo\lib\Varien\Simplexml\Config.php on line 510
2016-09-21T09:18:13+00:00 ERR (3): Warning: simplexml_load_string(): Entity: line 21: parser error : Premature end of data in tag config line 3  in C:\wamp\www\creo\lib\Varien\Simplexml\Config.php on line 510
2016-09-21T09:18:13+00:00 ERR (3): Warning: simplexml_load_string(): &lt;/config&gt;  in C:\wamp\www\creo\lib\Varien\Simplexml\Config.php on line 510
2016-09-21T09:18:13+00:00 ERR (3): Warning: simplexml_load_string():          ^  in C:\wamp\www\creo\lib\Varien\Simplexml\Config.php on line 510
2016-09-21T09:18:18+00:00 ERR (3): Warning: simplexml_load_string(): Entity: line 21: parser error : Opening and ending tag mismatch: modules line 9 and config  in C:\wamp\www\creo\lib\Varien\Simplexml\Config.php on line 510
2016-09-21T09:18:18+00:00 ERR (3): Warning: simplexml_load_string(): &lt;/config&gt;  in C:\wamp\www\creo\lib\Varien\Simplexml\Config.php on line 510
2016-09-21T09:18:18+00:00 ERR (3): Warning: simplexml_load_string():          ^  in C:\wamp\www\creo\lib\Varien\Simplexml\Config.php on line 510
2016-09-21T09:18:18+00:00 ERR (3): Warning: simplexml_load_string(): Entity: line 21: parser error : Premature end of data in tag modules line 5  in C:\wamp\www\creo\lib\Varien\Simplexml\Config.php on line 510
2016-09-21T09:18:18+00:00 ERR (3): Warning: simplexml_load_string(): &lt;/config&gt;  in C:\wamp\www\creo\lib\Varien\Simplexml\Config.php on line 510
2016-09-21T09:18:18+00:00 ERR (3): Warning: simplexml_load_string():          ^  in C:\wamp\www\creo\lib\Varien\Simplexml\Config.php on line 510
2016-09-21T09:18:18+00:00 ERR (3): Warning: simplexml_load_string(): Entity: line 21: parser error : Premature end of data in tag config line 3  in C:\wamp\www\creo\lib\Varien\Simplexml\Config.php on line 510
2016-09-21T09:18:18+00:00 ERR (3): Warning: simplexml_load_string(): &lt;/config&gt;  in C:\wamp\www\creo\lib\Varien\Simplexml\Config.php on line 510
2016-09-21T09:18:18+00:00 ERR (3): Warning: simplexml_load_string():          ^  in C:\wamp\www\creo\lib\Varien\Simplexml\Config.php on line 510
2016-09-21T09:18:23+00:00 ERR (3): Warning: simplexml_load_string(): Entity: line 21: parser error : Opening and ending tag mismatch: modules line 9 and config  in C:\wamp\www\creo\lib\Varien\Simplexml\Config.php on line 510
2016-09-21T09:18:23+00:00 ERR (3): Warning: simplexml_load_string(): &lt;/config&gt;  in C:\wamp\www\creo\lib\Varien\Simplexml\Config.php on line 510
2016-09-21T09:18:23+00:00 ERR (3): Warning: simplexml_load_string():          ^  in C:\wamp\www\creo\lib\Varien\Simplexml\Config.php on line 510
2016-09-21T09:18:23+00:00 ERR (3): Warning: simplexml_load_string(): Entity: line 21: parser error : Premature end of data in tag modules line 5  in C:\wamp\www\creo\lib\Varien\Simplexml\Config.php on line 510
2016-09-21T09:18:23+00:00 ERR (3): Warning: simplexml_load_string(): &lt;/config&gt;  in C:\wamp\www\creo\lib\Varien\Simplexml\Config.php on line 510
2016-09-21T09:18:23+00:00 ERR (3): Warning: simplexml_load_string():          ^  in C:\wamp\www\creo\lib\Varien\Simplexml\Config.php on line 510
2016-09-21T09:18:23+00:00 ERR (3): Warning: simplexml_load_string(): Entity: line 21: parser error : Premature end of data in tag config line 3  in C:\wamp\www\creo\lib\Varien\Simplexml\Config.php on line 510
2016-09-21T09:18:23+00:00 ERR (3): Warning: simplexml_load_string(): &lt;/config&gt;  in C:\wamp\www\creo\lib\Varien\Simplexml\Config.php on line 510
2016-09-21T09:18:23+00:00 ERR (3): Warning: simplexml_load_string():          ^  in C:\wamp\www\creo\lib\Varien\Simplexml\Config.php on line 510
2016-09-21T10:30:14+00:00 ERR (3): Warning: simplexml_load_string(): Entity: line 21: parser error : Opening and ending tag mismatch: modules line 9 and config  in C:\wamp\www\creo\lib\Varien\Simplexml\Config.php on line 510
2016-09-21T10:30:14+00:00 ERR (3): Warning: simplexml_load_string(): &lt;/config&gt;  in C:\wamp\www\creo\lib\Varien\Simplexml\Config.php on line 510
2016-09-21T10:30:14+00:00 ERR (3): Warning: simplexml_load_string():          ^  in C:\wamp\www\creo\lib\Varien\Simplexml\Config.php on line 510
2016-09-21T10:30:14+00:00 ERR (3): Warning: simplexml_load_string(): Entity: line 21: parser error : Premature end of data in tag modules line 5  in C:\wamp\www\creo\lib\Varien\Simplexml\Config.php on line 510
2016-09-21T10:30:14+00:00 ERR (3): Warning: simplexml_load_string(): &lt;/config&gt;  in C:\wamp\www\creo\lib\Varien\Simplexml\Config.php on line 510
2016-09-21T10:30:14+00:00 ERR (3): Warning: simplexml_load_string():          ^  in C:\wamp\www\creo\lib\Varien\Simplexml\Config.php on line 510
2016-09-21T10:30:14+00:00 ERR (3): Warning: simplexml_load_string(): Entity: line 21: parser error : Premature end of data in tag config line 3  in C:\wamp\www\creo\lib\Varien\Simplexml\Config.php on line 510
2016-09-21T10:30:14+00:00 ERR (3): Warning: simplexml_load_string(): &lt;/config&gt;  in C:\wamp\www\creo\lib\Varien\Simplexml\Config.php on line 510
2016-09-21T10:30:14+00:00 ERR (3): Warning: simplexml_load_string():          ^  in C:\wamp\www\creo\lib\Varien\Simplexml\Config.php on line 510
2016-09-21T10:30:22+00:00 ERR (3): Warning: simplexml_load_string(): Entity: line 21: parser error : Opening and ending tag mismatch: modules line 9 and config  in C:\wamp\www\creo\lib\Varien\Simplexml\Config.php on line 510
2016-09-21T10:30:22+00:00 ERR (3): Warning: simplexml_load_string(): &lt;/config&gt;  in C:\wamp\www\creo\lib\Varien\Simplexml\Config.php on line 510
2016-09-21T10:30:22+00:00 ERR (3): Warning: simplexml_load_string():          ^  in C:\wamp\www\creo\lib\Varien\Simplexml\Config.php on line 510
2016-09-21T10:30:22+00:00 ERR (3): Warning: simplexml_load_string(): Entity: line 21: parser error : Premature end of data in tag modules line 5  in C:\wamp\www\creo\lib\Varien\Simplexml\Config.php on line 510
2016-09-21T10:30:22+00:00 ERR (3): Warning: simplexml_load_string(): &lt;/config&gt;  in C:\wamp\www\creo\lib\Varien\Simplexml\Config.php on line 510
2016-09-21T10:30:22+00:00 ERR (3): Warning: simplexml_load_string():          ^  in C:\wamp\www\creo\lib\Varien\Simplexml\Config.php on line 510
2016-09-21T10:30:22+00:00 ERR (3): Warning: simplexml_load_string(): Entity: line 21: parser error : Premature end of data in tag config line 3  in C:\wamp\www\creo\lib\Varien\Simplexml\Config.php on line 510
2016-09-21T10:30:22+00:00 ERR (3): Warning: simplexml_load_string(): &lt;/config&gt;  in C:\wamp\www\creo\lib\Varien\Simplexml\Config.php on line 510
2016-09-21T10:30:22+00:00 ERR (3): Warning: simplexml_load_string():          ^  in C:\wamp\www\creo\lib\Varien\Simplexml\Config.php on line 510
2016-10-07T07:29:05+00:00 ERR (3): Warning: simplexml_load_string(): Entity: line 21: parser error : Opening and ending tag mismatch: modules line 9 and config  in C:\wamp\www\creo\lib\Varien\Simplexml\Config.php on line 510
2016-10-07T07:29:05+00:00 ERR (3): Warning: simplexml_load_string(): &lt;/config&gt;  in C:\wamp\www\creo\lib\Varien\Simplexml\Config.php on line 510
2016-10-07T07:29:05+00:00 ERR (3): Warning: simplexml_load_string():          ^  in C:\wamp\www\creo\lib\Varien\Simplexml\Config.php on line 510
2016-10-07T07:29:05+00:00 ERR (3): Warning: simplexml_load_string(): Entity: line 21: parser error : Premature end of data in tag modules line 5  in C:\wamp\www\creo\lib\Varien\Simplexml\Config.php on line 510
2016-10-07T07:29:05+00:00 ERR (3): Warning: simplexml_load_string(): &lt;/config&gt;  in C:\wamp\www\creo\lib\Varien\Simplexml\Config.php on line 510
2016-10-07T07:29:05+00:00 ERR (3): Warning: simplexml_load_string():          ^  in C:\wamp\www\creo\lib\Varien\Simplexml\Config.php on line 510
2016-10-07T07:29:05+00:00 ERR (3): Warning: simplexml_load_string(): Entity: line 21: parser error : Premature end of data in tag config line 3  in C:\wamp\www\creo\lib\Varien\Simplexml\Config.php on line 510
2016-10-07T07:29:05+00:00 ERR (3): Warning: simplexml_load_string(): &lt;/config&gt;  in C:\wamp\www\creo\lib\Varien\Simplexml\Config.php on line 510
2016-10-07T07:29:05+00:00 ERR (3): Warning: simplexml_load_string():          ^  in C:\wamp\www\creo\lib\Varien\Simplexml\Config.php on line 510
2016-10-07T07:29:15+00:00 ERR (3): Warning: simplexml_load_string(): Entity: line 21: parser error : Opening and ending tag mismatch: modules line 9 and config  in C:\wamp\www\creo\lib\Varien\Simplexml\Config.php on line 510
2016-10-07T07:29:15+00:00 ERR (3): Warning: simplexml_load_string(): &lt;/config&gt;  in C:\wamp\www\creo\lib\Varien\Simplexml\Config.php on line 510
2016-10-07T07:29:15+00:00 ERR (3): Warning: simplexml_load_string():          ^  in C:\wamp\www\creo\lib\Varien\Simplexml\Config.php on line 510
2016-10-07T07:29:15+00:00 ERR (3): Warning: simplexml_load_string(): Entity: line 21: parser error : Premature end of data in tag modules line 5  in C:\wamp\www\creo\lib\Varien\Simplexml\Config.php on line 510
2016-10-07T07:29:15+00:00 ERR (3): Warning: simplexml_load_string(): &lt;/config&gt;  in C:\wamp\www\creo\lib\Varien\Simplexml\Config.php on line 510
2016-10-07T07:29:15+00:00 ERR (3): Warning: simplexml_load_string():          ^  in C:\wamp\www\creo\lib\Varien\Simplexml\Config.php on line 510
2016-10-07T07:29:15+00:00 ERR (3): Warning: simplexml_load_string(): Entity: line 21: parser error : Premature end of data in tag config line 3  in C:\wamp\www\creo\lib\Varien\Simplexml\Config.php on line 510
2016-10-07T07:29:15+00:00 ERR (3): Warning: simplexml_load_string(): &lt;/config&gt;  in C:\wamp\www\creo\lib\Varien\Simplexml\Config.php on line 510
2016-10-07T07:29:15+00:00 ERR (3): Warning: simplexml_load_string():          ^  in C:\wamp\www\creo\lib\Varien\Simplexml\Config.php on line 510
2016-10-07T07:29:22+00:00 ERR (3): Warning: simplexml_load_string(): Entity: line 21: parser error : Opening and ending tag mismatch: modules line 9 and config  in C:\wamp\www\creo\lib\Varien\Simplexml\Config.php on line 510
2016-10-07T07:29:22+00:00 ERR (3): Warning: simplexml_load_string(): &lt;/config&gt;  in C:\wamp\www\creo\lib\Varien\Simplexml\Config.php on line 510
2016-10-07T07:29:22+00:00 ERR (3): Warning: simplexml_load_string():          ^  in C:\wamp\www\creo\lib\Varien\Simplexml\Config.php on line 510
2016-10-07T07:29:22+00:00 ERR (3): Warning: simplexml_load_string(): Entity: line 21: parser error : Premature end of data in tag modules line 5  in C:\wamp\www\creo\lib\Varien\Simplexml\Config.php on line 510
2016-10-07T07:29:22+00:00 ERR (3): Warning: simplexml_load_string(): &lt;/config&gt;  in C:\wamp\www\creo\lib\Varien\Simplexml\Config.php on line 510
2016-10-07T07:29:22+00:00 ERR (3): Warning: simplexml_load_string():          ^  in C:\wamp\www\creo\lib\Varien\Simplexml\Config.php on line 510
2016-10-07T07:29:22+00:00 ERR (3): Warning: simplexml_load_string(): Entity: line 21: parser error : Premature end of data in tag config line 3  in C:\wamp\www\creo\lib\Varien\Simplexml\Config.php on line 510
2016-10-07T07:29:22+00:00 ERR (3): Warning: simplexml_load_string(): &lt;/config&gt;  in C:\wamp\www\creo\lib\Varien\Simplexml\Config.php on line 510
2016-10-07T07:29:22+00:00 ERR (3): Warning: simplexml_load_string():          ^  in C:\wamp\www\creo\lib\Varien\Simplexml\Config.php on line 510
2016-10-07T07:30:17+00:00 ERR (3): Warning: simplexml_load_string(): Entity: line 21: parser error : Opening and ending tag mismatch: modules line 9 and config  in C:\wamp\www\creo\lib\Varien\Simplexml\Config.php on line 510
2016-10-07T07:30:17+00:00 ERR (3): Warning: simplexml_load_string(): &lt;/config&gt;  in C:\wamp\www\creo\lib\Varien\Simplexml\Config.php on line 510
2016-10-07T07:30:17+00:00 ERR (3): Warning: simplexml_load_string():          ^  in C:\wamp\www\creo\lib\Varien\Simplexml\Config.php on line 510
2016-10-07T07:30:17+00:00 ERR (3): Warning: simplexml_load_string(): Entity: line 21: parser error : Premature end of data in tag modules line 5  in C:\wamp\www\creo\lib\Varien\Simplexml\Config.php on line 510
2016-10-07T07:30:17+00:00 ERR (3): Warning: simplexml_load_string(): &lt;/config&gt;  in C:\wamp\www\creo\lib\Varien\Simplexml\Config.php on line 510
2016-10-07T07:30:17+00:00 ERR (3): Warning: simplexml_load_string():          ^  in C:\wamp\www\creo\lib\Varien\Simplexml\Config.php on line 510
2016-10-07T07:30:17+00:00 ERR (3): Warning: simplexml_load_string(): Entity: line 21: parser error : Premature end of data in tag config line 3  in C:\wamp\www\creo\lib\Varien\Simplexml\Config.php on line 510
2016-10-07T07:30:17+00:00 ERR (3): Warning: simplexml_load_string(): &lt;/config&gt;  in C:\wamp\www\creo\lib\Varien\Simplexml\Config.php on line 510
2016-10-07T07:30:17+00:00 ERR (3): Warning: simplexml_load_string():          ^  in C:\wamp\www\creo\lib\Varien\Simplexml\Config.php on line 510
2016-10-07T07:30:21+00:00 ERR (3): Warning: simplexml_load_string(): Entity: line 21: parser error : Opening and ending tag mismatch: modules line 9 and config  in C:\wamp\www\creo\lib\Varien\Simplexml\Config.php on line 510
2016-10-07T07:30:21+00:00 ERR (3): Warning: simplexml_load_string(): &lt;/config&gt;  in C:\wamp\www\creo\lib\Varien\Simplexml\Config.php on line 510
2016-10-07T07:30:21+00:00 ERR (3): Warning: simplexml_load_string():          ^  in C:\wamp\www\creo\lib\Varien\Simplexml\Config.php on line 510
2016-10-07T07:30:21+00:00 ERR (3): Warning: simplexml_load_string(): Entity: line 21: parser error : Premature end of data in tag modules line 5  in C:\wamp\www\creo\lib\Varien\Simplexml\Config.php on line 510
2016-10-07T07:30:21+00:00 ERR (3): Warning: simplexml_load_string(): &lt;/config&gt;  in C:\wamp\www\creo\lib\Varien\Simplexml\Config.php on line 510
2016-10-07T07:30:21+00:00 ERR (3): Warning: simplexml_load_string():          ^  in C:\wamp\www\creo\lib\Varien\Simplexml\Config.php on line 510
2016-10-07T07:30:21+00:00 ERR (3): Warning: simplexml_load_string(): Entity: line 21: parser error : Premature end of data in tag config line 3  in C:\wamp\www\creo\lib\Varien\Simplexml\Config.php on line 510
2016-10-07T07:30:21+00:00 ERR (3): Warning: simplexml_load_string(): &lt;/config&gt;  in C:\wamp\www\creo\lib\Varien\Simplexml\Config.php on line 510
2016-10-07T07:30:21+00:00 ERR (3): Warning: simplexml_load_string():          ^  in C:\wamp\www\creo\lib\Varien\Simplexml\Config.php on line 510
2016-10-07T07:30:23+00:00 ERR (3): Warning: simplexml_load_string(): Entity: line 21: parser error : Opening and ending tag mismatch: modules line 9 and config  in C:\wamp\www\creo\lib\Varien\Simplexml\Config.php on line 510
2016-10-07T07:30:23+00:00 ERR (3): Warning: simplexml_load_string(): &lt;/config&gt;  in C:\wamp\www\creo\lib\Varien\Simplexml\Config.php on line 510
2016-10-07T07:30:23+00:00 ERR (3): Warning: simplexml_load_string():          ^  in C:\wamp\www\creo\lib\Varien\Simplexml\Config.php on line 510
2016-10-07T07:30:23+00:00 ERR (3): Warning: simplexml_load_string(): Entity: line 21: parser error : Premature end of data in tag modules line 5  in C:\wamp\www\creo\lib\Varien\Simplexml\Config.php on line 510
2016-10-07T07:30:23+00:00 ERR (3): Warning: simplexml_load_string(): &lt;/config&gt;  in C:\wamp\www\creo\lib\Varien\Simplexml\Config.php on line 510
2016-10-07T07:30:23+00:00 ERR (3): Warning: simplexml_load_string():          ^  in C:\wamp\www\creo\lib\Varien\Simplexml\Config.php on line 510
2016-10-07T07:30:23+00:00 ERR (3): Warning: simplexml_load_string(): Entity: line 21: parser error : Premature end of data in tag config line 3  in C:\wamp\www\creo\lib\Varien\Simplexml\Config.php on line 510
2016-10-07T07:30:23+00:00 ERR (3): Warning: simplexml_load_string(): &lt;/config&gt;  in C:\wamp\www\creo\lib\Varien\Simplexml\Config.php on line 510
2016-10-07T07:30:23+00:00 ERR (3): Warning: simplexml_load_string():          ^  in C:\wamp\www\creo\lib\Varien\Simplexml\Config.php on line 510
2016-10-07T07:30:55+00:00 ERR (3): Warning: simplexml_load_string(): Entity: line 21: parser error : Opening and ending tag mismatch: modules line 9 and config  in C:\wamp\www\creo\lib\Varien\Simplexml\Config.php on line 510
2016-10-07T07:30:55+00:00 ERR (3): Warning: simplexml_load_string(): &lt;/config&gt;  in C:\wamp\www\creo\lib\Varien\Simplexml\Config.php on line 510
2016-10-07T07:30:55+00:00 ERR (3): Warning: simplexml_load_string():          ^  in C:\wamp\www\creo\lib\Varien\Simplexml\Config.php on line 510
2016-10-07T07:30:55+00:00 ERR (3): Warning: simplexml_load_string(): Entity: line 21: parser error : Premature end of data in tag modules line 5  in C:\wamp\www\creo\lib\Varien\Simplexml\Config.php on line 510
2016-10-07T07:30:55+00:00 ERR (3): Warning: simplexml_load_string(): &lt;/config&gt;  in C:\wamp\www\creo\lib\Varien\Simplexml\Config.php on line 510
2016-10-07T07:30:55+00:00 ERR (3): Warning: simplexml_load_string():          ^  in C:\wamp\www\creo\lib\Varien\Simplexml\Config.php on line 510
2016-10-07T07:30:55+00:00 ERR (3): Warning: simplexml_load_string(): Entity: line 21: parser error : Premature end of data in tag config line 3  in C:\wamp\www\creo\lib\Varien\Simplexml\Config.php on line 510
2016-10-07T07:30:55+00:00 ERR (3): Warning: simplexml_load_string(): &lt;/config&gt;  in C:\wamp\www\creo\lib\Varien\Simplexml\Config.php on line 510
2016-10-07T07:30:55+00:00 ERR (3): Warning: simplexml_load_string():          ^  in C:\wamp\www\creo\lib\Varien\Simplexml\Config.php on line 510
2016-10-07T07:30:57+00:00 ERR (3): Warning: simplexml_load_string(): Entity: line 21: parser error : Opening and ending tag mismatch: modules line 9 and config  in C:\wamp\www\creo\lib\Varien\Simplexml\Config.php on line 510
2016-10-07T07:30:57+00:00 ERR (3): Warning: simplexml_load_string(): &lt;/config&gt;  in C:\wamp\www\creo\lib\Varien\Simplexml\Config.php on line 510
2016-10-07T07:30:57+00:00 ERR (3): Warning: simplexml_load_string():          ^  in C:\wamp\www\creo\lib\Varien\Simplexml\Config.php on line 510
2016-10-07T07:30:57+00:00 ERR (3): Warning: simplexml_load_string(): Entity: line 21: parser error : Premature end of data in tag modules line 5  in C:\wamp\www\creo\lib\Varien\Simplexml\Config.php on line 510
2016-10-07T07:30:57+00:00 ERR (3): Warning: simplexml_load_string(): &lt;/config&gt;  in C:\wamp\www\creo\lib\Varien\Simplexml\Config.php on line 510
2016-10-07T07:30:57+00:00 ERR (3): Warning: simplexml_load_string():          ^  in C:\wamp\www\creo\lib\Varien\Simplexml\Config.php on line 510
2016-10-07T07:30:57+00:00 ERR (3): Warning: simplexml_load_string(): Entity: line 21: parser error : Premature end of data in tag config line 3  in C:\wamp\www\creo\lib\Varien\Simplexml\Config.php on line 510
2016-10-07T07:30:57+00:00 ERR (3): Warning: simplexml_load_string(): &lt;/config&gt;  in C:\wamp\www\creo\lib\Varien\Simplexml\Config.php on line 510
2016-10-07T07:30:57+00:00 ERR (3): Warning: simplexml_load_string():          ^  in C:\wamp\www\creo\lib\Varien\Simplexml\Config.php on line 510
2016-10-07T07:31:00+00:00 ERR (3): Warning: simplexml_load_string(): Entity: line 21: parser error : Opening and ending tag mismatch: modules line 9 and config  in C:\wamp\www\creo\lib\Varien\Simplexml\Config.php on line 510
2016-10-07T07:31:00+00:00 ERR (3): Warning: simplexml_load_string(): &lt;/config&gt;  in C:\wamp\www\creo\lib\Varien\Simplexml\Config.php on line 510
2016-10-07T07:31:00+00:00 ERR (3): Warning: simplexml_load_string():          ^  in C:\wamp\www\creo\lib\Varien\Simplexml\Config.php on line 510
2016-10-07T07:31:00+00:00 ERR (3): Warning: simplexml_load_string(): Entity: line 21: parser error : Premature end of data in tag modules line 5  in C:\wamp\www\creo\lib\Varien\Simplexml\Config.php on line 510
2016-10-07T07:31:00+00:00 ERR (3): Warning: simplexml_load_string(): &lt;/config&gt;  in C:\wamp\www\creo\lib\Varien\Simplexml\Config.php on line 510
2016-10-07T07:31:00+00:00 ERR (3): Warning: simplexml_load_string():          ^  in C:\wamp\www\creo\lib\Varien\Simplexml\Config.php on line 510
2016-10-07T07:31:00+00:00 ERR (3): Warning: simplexml_load_string(): Entity: line 21: parser error : Premature end of data in tag config line 3  in C:\wamp\www\creo\lib\Varien\Simplexml\Config.php on line 510
2016-10-07T07:31:00+00:00 ERR (3): Warning: simplexml_load_string(): &lt;/config&gt;  in C:\wamp\www\creo\lib\Varien\Simplexml\Config.php on line 510
2016-10-07T07:31:00+00:00 ERR (3): Warning: simplexml_load_string():          ^  in C:\wamp\www\creo\lib\Varien\Simplexml\Config.php on line 510
2016-10-07T11:25:34+00:00 ERR (3): Warning: simplexml_load_string(): Entity: line 21: parser error : Opening and ending tag mismatch: modules line 9 and config  in C:\wamp\www\creo\lib\Varien\Simplexml\Config.php on line 510
2016-10-07T11:25:34+00:00 ERR (3): Warning: simplexml_load_string(): &lt;/config&gt;  in C:\wamp\www\creo\lib\Varien\Simplexml\Config.php on line 510
2016-10-07T11:25:34+00:00 ERR (3): Warning: simplexml_load_string():          ^  in C:\wamp\www\creo\lib\Varien\Simplexml\Config.php on line 510
2016-10-07T11:25:34+00:00 ERR (3): Warning: simplexml_load_string(): Entity: line 21: parser error : Premature end of data in tag modules line 5  in C:\wamp\www\creo\lib\Varien\Simplexml\Config.php on line 510
2016-10-07T11:25:34+00:00 ERR (3): Warning: simplexml_load_string(): &lt;/config&gt;  in C:\wamp\www\creo\lib\Varien\Simplexml\Config.php on line 510
2016-10-07T11:25:34+00:00 ERR (3): Warning: simplexml_load_string():          ^  in C:\wamp\www\creo\lib\Varien\Simplexml\Config.php on line 510
2016-10-07T11:25:34+00:00 ERR (3): Warning: simplexml_load_string(): Entity: line 21: parser error : Premature end of data in tag config line 3  in C:\wamp\www\creo\lib\Varien\Simplexml\Config.php on line 510
2016-10-07T11:25:34+00:00 ERR (3): Warning: simplexml_load_string(): &lt;/config&gt;  in C:\wamp\www\creo\lib\Varien\Simplexml\Config.php on line 510
2016-10-07T11:25:34+00:00 ERR (3): Warning: simplexml_load_string():          ^  in C:\wamp\www\creo\lib\Varien\Simplexml\Config.php on line 510
2016-10-07T11:25:41+00:00 ERR (3): Warning: simplexml_load_string(): Entity: line 21: parser error : Opening and ending tag mismatch: modules line 9 and config  in C:\wamp\www\creo\lib\Varien\Simplexml\Config.php on line 510
2016-10-07T11:25:41+00:00 ERR (3): Warning: simplexml_load_string(): &lt;/config&gt;  in C:\wamp\www\creo\lib\Varien\Simplexml\Config.php on line 510
2016-10-07T11:25:41+00:00 ERR (3): Warning: simplexml_load_string():          ^  in C:\wamp\www\creo\lib\Varien\Simplexml\Config.php on line 510
2016-10-07T11:25:41+00:00 ERR (3): Warning: simplexml_load_string(): Entity: line 21: parser error : Premature end of data in tag modules line 5  in C:\wamp\www\creo\lib\Varien\Simplexml\Config.php on line 510
2016-10-07T11:25:41+00:00 ERR (3): Warning: simplexml_load_string(): &lt;/config&gt;  in C:\wamp\www\creo\lib\Varien\Simplexml\Config.php on line 510
2016-10-07T11:25:41+00:00 ERR (3): Warning: simplexml_load_string():          ^  in C:\wamp\www\creo\lib\Varien\Simplexml\Config.php on line 510
2016-10-07T11:25:41+00:00 ERR (3): Warning: simplexml_load_string(): Entity: line 21: parser error : Premature end of data in tag config line 3  in C:\wamp\www\creo\lib\Varien\Simplexml\Config.php on line 510
2016-10-07T11:25:41+00:00 ERR (3): Warning: simplexml_load_string(): &lt;/config&gt;  in C:\wamp\www\creo\lib\Varien\Simplexml\Config.php on line 510
2016-10-07T11:25:41+00:00 ERR (3): Warning: simplexml_load_string():          ^  in C:\wamp\www\creo\lib\Varien\Simplexml\Config.php on line 510
2016-10-07T11:26:26+00:00 ERR (3): Warning: simplexml_load_string(): Entity: line 21: parser error : Opening and ending tag mismatch: modules line 9 and config  in C:\wamp\www\creo\lib\Varien\Simplexml\Config.php on line 510
2016-10-07T11:26:26+00:00 ERR (3): Warning: simplexml_load_string(): &lt;/config&gt;  in C:\wamp\www\creo\lib\Varien\Simplexml\Config.php on line 510
2016-10-07T11:26:26+00:00 ERR (3): Warning: simplexml_load_string():          ^  in C:\wamp\www\creo\lib\Varien\Simplexml\Config.php on line 510
2016-10-07T11:26:26+00:00 ERR (3): Warning: simplexml_load_string(): Entity: line 21: parser error : Premature end of data in tag modules line 5  in C:\wamp\www\creo\lib\Varien\Simplexml\Config.php on line 510
2016-10-07T11:26:26+00:00 ERR (3): Warning: simplexml_load_string(): &lt;/config&gt;  in C:\wamp\www\creo\lib\Varien\Simplexml\Config.php on line 510
2016-10-07T11:26:26+00:00 ERR (3): Warning: simplexml_load_string():          ^  in C:\wamp\www\creo\lib\Varien\Simplexml\Config.php on line 510
2016-10-07T11:26:26+00:00 ERR (3): Warning: simplexml_load_string(): Entity: line 21: parser error : Premature end of data in tag config line 3  in C:\wamp\www\creo\lib\Varien\Simplexml\Config.php on line 510
2016-10-07T11:26:26+00:00 ERR (3): Warning: simplexml_load_string(): &lt;/config&gt;  in C:\wamp\www\creo\lib\Varien\Simplexml\Config.php on line 510
2016-10-07T11:26:26+00:00 ERR (3): Warning: simplexml_load_string():          ^  in C:\wamp\www\creo\lib\Varien\Simplexml\Config.php on line 510
2016-10-13T08:00:09+00:00 ERR (3): Warning: simplexml_load_string(): Entity: line 21: parser error : Opening and ending tag mismatch: modules line 9 and config  in C:\wamp\www\creo\lib\Varien\Simplexml\Config.php on line 510
2016-10-13T08:00:09+00:00 ERR (3): Warning: simplexml_load_string(): &lt;/config&gt;  in C:\wamp\www\creo\lib\Varien\Simplexml\Config.php on line 510
2016-10-13T08:00:09+00:00 ERR (3): Warning: simplexml_load_string():          ^  in C:\wamp\www\creo\lib\Varien\Simplexml\Config.php on line 510
2016-10-13T08:00:09+00:00 ERR (3): Warning: simplexml_load_string(): Entity: line 21: parser error : Premature end of data in tag modules line 5  in C:\wamp\www\creo\lib\Varien\Simplexml\Config.php on line 510
2016-10-13T08:00:09+00:00 ERR (3): Warning: simplexml_load_string(): &lt;/config&gt;  in C:\wamp\www\creo\lib\Varien\Simplexml\Config.php on line 510
2016-10-13T08:00:09+00:00 ERR (3): Warning: simplexml_load_string():          ^  in C:\wamp\www\creo\lib\Varien\Simplexml\Config.php on line 510
2016-10-13T08:00:09+00:00 ERR (3): Warning: simplexml_load_string(): Entity: line 21: parser error : Premature end of data in tag config line 3  in C:\wamp\www\creo\lib\Varien\Simplexml\Config.php on line 510
2016-10-13T08:00:09+00:00 ERR (3): Warning: simplexml_load_string(): &lt;/config&gt;  in C:\wamp\www\creo\lib\Varien\Simplexml\Config.php on line 510
2016-10-13T08:00:09+00:00 ERR (3): Warning: simplexml_load_string():          ^  in C:\wamp\www\creo\lib\Varien\Simplexml\Config.php on line 510
2016-10-13T08:02:11+00:00 ERR (3): Warning: simplexml_load_string(): Entity: line 21: parser error : Opening and ending tag mismatch: modules line 9 and config  in C:\wamp\www\creo\lib\Varien\Simplexml\Config.php on line 510
2016-10-13T08:02:11+00:00 ERR (3): Warning: simplexml_load_string(): &lt;/config&gt;  in C:\wamp\www\creo\lib\Varien\Simplexml\Config.php on line 510
2016-10-13T08:02:11+00:00 ERR (3): Warning: simplexml_load_string():          ^  in C:\wamp\www\creo\lib\Varien\Simplexml\Config.php on line 510
2016-10-13T08:02:11+00:00 ERR (3): Warning: simplexml_load_string(): Entity: line 21: parser error : Premature end of data in tag modules line 5  in C:\wamp\www\creo\lib\Varien\Simplexml\Config.php on line 510
2016-10-13T08:02:11+00:00 ERR (3): Warning: simplexml_load_string(): &lt;/config&gt;  in C:\wamp\www\creo\lib\Varien\Simplexml\Config.php on line 510
2016-10-13T08:02:11+00:00 ERR (3): Warning: simplexml_load_string():          ^  in C:\wamp\www\creo\lib\Varien\Simplexml\Config.php on line 510
2016-10-13T08:02:11+00:00 ERR (3): Warning: simplexml_load_string(): Entity: line 21: parser error : Premature end of data in tag config line 3  in C:\wamp\www\creo\lib\Varien\Simplexml\Config.php on line 510
2016-10-13T08:02:11+00:00 ERR (3): Warning: simplexml_load_string(): &lt;/config&gt;  in C:\wamp\www\creo\lib\Varien\Simplexml\Config.php on line 510
2016-10-13T08:02:11+00:00 ERR (3): Warning: simplexml_load_string():          ^  in C:\wamp\www\creo\lib\Varien\Simplexml\Config.php on line 510
2016-10-13T11:06:44+00:00 ERR (3): Warning: simplexml_load_string(): Entity: line 21: parser error : Opening and ending tag mismatch: modules line 9 and config  in C:\wamp\www\creo\lib\Varien\Simplexml\Config.php on line 510
2016-10-13T11:06:44+00:00 ERR (3): Warning: simplexml_load_string(): &lt;/config&gt;  in C:\wamp\www\creo\lib\Varien\Simplexml\Config.php on line 510
2016-10-13T11:06:44+00:00 ERR (3): Warning: simplexml_load_string():          ^  in C:\wamp\www\creo\lib\Varien\Simplexml\Config.php on line 510
2016-10-13T11:06:44+00:00 ERR (3): Warning: simplexml_load_string(): Entity: line 21: parser error : Premature end of data in tag modules line 5  in C:\wamp\www\creo\lib\Varien\Simplexml\Config.php on line 510
2016-10-13T11:06:44+00:00 ERR (3): Warning: simplexml_load_string(): &lt;/config&gt;  in C:\wamp\www\creo\lib\Varien\Simplexml\Config.php on line 510
2016-10-13T11:06:44+00:00 ERR (3): Warning: simplexml_load_string():          ^  in C:\wamp\www\creo\lib\Varien\Simplexml\Config.php on line 510
2016-10-13T11:06:44+00:00 ERR (3): Warning: simplexml_load_string(): Entity: line 21: parser error : Premature end of data in tag config line 3  in C:\wamp\www\creo\lib\Varien\Simplexml\Config.php on line 510
2016-10-13T11:06:44+00:00 ERR (3): Warning: simplexml_load_string(): &lt;/config&gt;  in C:\wamp\www\creo\lib\Varien\Simplexml\Config.php on line 510
2016-10-13T11:06:44+00:00 ERR (3): Warning: simplexml_load_string():          ^  in C:\wamp\www\creo\lib\Varien\Simplexml\Config.php on line 510
2016-10-13T11:07:22+00:00 ERR (3): Warning: simplexml_load_string(): Entity: line 21: parser error : Opening and ending tag mismatch: modules line 9 and config  in C:\wamp\www\creo\lib\Varien\Simplexml\Config.php on line 510
2016-10-13T11:07:22+00:00 ERR (3): Warning: simplexml_load_string(): &lt;/config&gt;  in C:\wamp\www\creo\lib\Varien\Simplexml\Config.php on line 510
2016-10-13T11:07:22+00:00 ERR (3): Warning: simplexml_load_string():          ^  in C:\wamp\www\creo\lib\Varien\Simplexml\Config.php on line 510
2016-10-13T11:07:22+00:00 ERR (3): Warning: simplexml_load_string(): Entity: line 21: parser error : Premature end of data in tag modules line 5  in C:\wamp\www\creo\lib\Varien\Simplexml\Config.php on line 510
2016-10-13T11:07:22+00:00 ERR (3): Warning: simplexml_load_string(): &lt;/config&gt;  in C:\wamp\www\creo\lib\Varien\Simplexml\Config.php on line 510
2016-10-13T11:07:22+00:00 ERR (3): Warning: simplexml_load_string():          ^  in C:\wamp\www\creo\lib\Varien\Simplexml\Config.php on line 510
2016-10-13T11:07:22+00:00 ERR (3): Warning: simplexml_load_string(): Entity: line 21: parser error : Premature end of data in tag config line 3  in C:\wamp\www\creo\lib\Varien\Simplexml\Config.php on line 510
2016-10-13T11:07:22+00:00 ERR (3): Warning: simplexml_load_string(): &lt;/config&gt;  in C:\wamp\www\creo\lib\Varien\Simplexml\Config.php on line 510
2016-10-13T11:07:22+00:00 ERR (3): Warning: simplexml_load_string():          ^  in C:\wamp\www\creo\lib\Varien\Simplexml\Config.php on line 510
2016-10-13T11:07:32+00:00 ERR (3): Warning: simplexml_load_string(): Entity: line 21: parser error : Opening and ending tag mismatch: modules line 9 and config  in C:\wamp\www\creo\lib\Varien\Simplexml\Config.php on line 510
2016-10-13T11:07:32+00:00 ERR (3): Warning: simplexml_load_string(): &lt;/config&gt;  in C:\wamp\www\creo\lib\Varien\Simplexml\Config.php on line 510
2016-10-13T11:07:32+00:00 ERR (3): Warning: simplexml_load_string():          ^  in C:\wamp\www\creo\lib\Varien\Simplexml\Config.php on line 510
2016-10-13T11:07:32+00:00 ERR (3): Warning: simplexml_load_string(): Entity: line 21: parser error : Premature end of data in tag modules line 5  in C:\wamp\www\creo\lib\Varien\Simplexml\Config.php on line 510
2016-10-13T11:07:32+00:00 ERR (3): Warning: simplexml_load_string(): &lt;/config&gt;  in C:\wamp\www\creo\lib\Varien\Simplexml\Config.php on line 510
2016-10-13T11:07:32+00:00 ERR (3): Warning: simplexml_load_string():          ^  in C:\wamp\www\creo\lib\Varien\Simplexml\Config.php on line 510
2016-10-13T11:07:32+00:00 ERR (3): Warning: simplexml_load_string(): Entity: line 21: parser error : Premature end of data in tag config line 3  in C:\wamp\www\creo\lib\Varien\Simplexml\Config.php on line 510
2016-10-13T11:07:32+00:00 ERR (3): Warning: simplexml_load_string(): &lt;/config&gt;  in C:\wamp\www\creo\lib\Varien\Simplexml\Config.php on line 510
2016-10-13T11:07:32+00:00 ERR (3): Warning: simplexml_load_string():          ^  in C:\wamp\www\creo\lib\Varien\Simplexml\Config.php on line 510
2016-10-13T11:08:51+00:00 ERR (3): Warning: simplexml_load_string(): Entity: line 21: parser error : Opening and ending tag mismatch: modules line 9 and config  in C:\wamp\www\creo\lib\Varien\Simplexml\Config.php on line 510
2016-10-13T11:08:51+00:00 ERR (3): Warning: simplexml_load_string(): &lt;/config&gt;  in C:\wamp\www\creo\lib\Varien\Simplexml\Config.php on line 510
2016-10-13T11:08:51+00:00 ERR (3): Warning: simplexml_load_string():          ^  in C:\wamp\www\creo\lib\Varien\Simplexml\Config.php on line 510
2016-10-13T11:08:51+00:00 ERR (3): Warning: simplexml_load_string(): Entity: line 21: parser error : Premature end of data in tag modules line 5  in C:\wamp\www\creo\lib\Varien\Simplexml\Config.php on line 510
2016-10-13T11:08:51+00:00 ERR (3): Warning: simplexml_load_string(): &lt;/config&gt;  in C:\wamp\www\creo\lib\Varien\Simplexml\Config.php on line 510
2016-10-13T11:08:51+00:00 ERR (3): Warning: simplexml_load_string():          ^  in C:\wamp\www\creo\lib\Varien\Simplexml\Config.php on line 510
2016-10-13T11:08:51+00:00 ERR (3): Warning: simplexml_load_string(): Entity: line 21: parser error : Premature end of data in tag config line 3  in C:\wamp\www\creo\lib\Varien\Simplexml\Config.php on line 510
2016-10-13T11:08:51+00:00 ERR (3): Warning: simplexml_load_string(): &lt;/config&gt;  in C:\wamp\www\creo\lib\Varien\Simplexml\Config.php on line 510
2016-10-13T11:08:51+00:00 ERR (3): Warning: simplexml_load_string():          ^  in C:\wamp\www\creo\lib\Varien\Simplexml\Config.php on line 510
